<!DOCTYPE html PUBLIC "-//W3C//DTD XHTML 1.1//EN" "https://www.w3.org/TR/xhtml11/DTD/xhtml11.dtd">
<html xmlns="https://www.w3.org/1999/xhtml">
<head>
<meta http-equiv="content-type" content="text/html; charset=UTF-8"/>
<title>TestNG Report</title>
<style type="text/css">table {margin-bottom:10px;border-collapse:collapse;empty-cells:show}th,td {border:1px solid #009;padding:.25em .5em}th {vertical-align:bottom}td {vertical-align:top}table a {font-weight:bold}.stripe td {background-color: #E6EBF9}.num {text-align:right}.passedodd td {background-color: #3F3}.passedeven td {background-color: #0A0}.skippedodd td {background-color: #DDD}.skippedeven td {background-color: #CCC}.failedodd td,.attn {background-color: #F33}.failedeven td,.stripe .attn {background-color: #D00}.stacktrace {white-space:pre;font-family:monospace}.totop {font-size:85%;text-align:center;border-bottom:2px solid #000}.invisible {display:none}</style>
</head>
<body>
<table>
<tr><th>Test</th><th># Passed</th><th># Skipped</th><th># Retried</th><th># Failed</th><th>Time (ms)</th><th>Included Groups</th><th>Excluded Groups</th></tr>
<tr><th colspan="8">TestSuite</th></tr>
<tr><td><a href="#t0">AU MyMatrix Production Promotion Testsuite</a></td><td class="num">36</td><td class="num">0</td><td class="num attn">23</td><td class="num attn">6</td><td class="num">983,520</td><td></td><td></td></tr>
</table>
<table id='summary'><thead><tr><th>Class</th><th>Method</th><th>Start</th><th>Time (ms)</th></tr></thead><tbody><tr><th colspan="4">TestSuite</th></tr></tbody><tbody id="t0"><tr><th colspan="4">AU MyMatrix Production Promotion Testsuite &#8212; failed</th></tr><tr class="failedeven"><td rowspan="1">general.ClientfileSearchTest</td><td><a href="#m0">testcases_ClientfileSearchTest</a></td><td rowspan="1">1757805013347</td><td rowspan="1">16865</td></tr><tr class="failedodd"><td rowspan="2">production_itineraries.InsuranceItineraryTest</td><td><a href="#m1">testcases_InsuranceItineraryTest</a></td><td rowspan="2">1757805420196</td><td rowspan="2">20589</td></tr><tr class="failedodd"><td><a href="#m2">testcases_InsuranceItineraryTest</a></td></tr><tr class="failedeven"><td rowspan="3">production_itineraries.TourItineraryTest</td><td><a href="#m3">testcases_TourItineraryTest</a></td><td rowspan="3">1757805239183</td><td rowspan="3">20675</td></tr><tr class="failedeven"><td><a href="#m4">testcases_TourItineraryTest</a></td></tr><tr class="failedeven"><td><a href="#m5">testcases_TourItineraryTest</a></td></tr><tr><th colspan="4">AU MyMatrix Production Promotion Testsuite &#8212; retried</th></tr><tr class="retriedeven"><td rowspan="5">general.ClientfileSearchTest</td><td><a href="#m6">testcases_ClientfileSearchTest</a></td><td rowspan="5">1757804978245</td><td rowspan="5">17614</td></tr><tr class="retriedeven"><td><a href="#m7">testcases_ClientfileSearchTest</a></td></tr><tr class="retriedeven"><td><a href="#m8">testcases_ClientfileSearchTest</a></td></tr><tr class="retriedeven"><td><a href="#m9">testcases_ClientfileSearchTest</a></td></tr><tr class="retriedeven"><td><a href="#m10">testcases_ClientfileSearchTest</a></td></tr><tr class="retriedodd"><td rowspan="2">general.LoginTest</td><td><a href="#m11">testcases_LoginTest</a></td><td rowspan="2">1757804789245</td><td rowspan="2">43747</td></tr><tr class="retriedodd"><td><a href="#m12">testcases_LoginTest</a></td></tr><tr class="retriedeven"><td rowspan="1">production_accounting.BSPTicketTest</td><td><a href="#m13">testcases_BSPTicketTest</a></td><td rowspan="1">1757805569478</td><td rowspan="1">2445</td></tr><tr class="retriedodd"><td rowspan="6">production_itineraries.InsuranceItineraryTest</td><td><a href="#m14">testcases_InsuranceItineraryTest</a></td><td rowspan="6">1757805440804</td><td rowspan="6">6624</td></tr><tr class="retriedodd"><td><a href="#m15">testcases_InsuranceItineraryTest</a></td></tr><tr class="retriedodd"><td><a href="#m16">testcases_InsuranceItineraryTest</a></td></tr><tr class="retriedodd"><td><a href="#m17">testcases_InsuranceItineraryTest</a></td></tr><tr class="retriedodd"><td><a href="#m18">testcases_InsuranceItineraryTest</a></td></tr><tr class="retriedodd"><td><a href="#m19">testcases_InsuranceItineraryTest</a></td></tr><tr class="retriedeven"><td rowspan="9">production_itineraries.TourItineraryTest</td><td><a href="#m20">testcases_TourItineraryTest</a></td><td rowspan="9">1757805266481</td><td rowspan="9">6680</td></tr><tr class="retriedeven"><td><a href="#m21">testcases_TourItineraryTest</a></td></tr><tr class="retriedeven"><td><a href="#m22">testcases_TourItineraryTest</a></td></tr><tr class="retriedeven"><td><a href="#m23">testcases_TourItineraryTest</a></td></tr><tr class="retriedeven"><td><a href="#m24">testcases_TourItineraryTest</a></td></tr><tr class="retriedeven"><td><a href="#m25">testcases_TourItineraryTest</a></td></tr><tr class="retriedeven"><td><a href="#m26">testcases_TourItineraryTest</a></td></tr><tr class="retriedeven"><td><a href="#m27">testcases_TourItineraryTest</a></td></tr><tr class="retriedeven"><td><a href="#m28">testcases_TourItineraryTest</a></td></tr><tr><th colspan="4">AU MyMatrix Production Promotion Testsuite &#8212; passed</th></tr><tr class="passedeven"><td rowspan="1">general.ChangeBranchTest</td><td><a href="#m29">testcases_ChangeBranchTest</a></td><td rowspan="1">1757804867029</td><td rowspan="1">3127</td></tr><tr class="passedodd"><td rowspan="6">general.ClientfileSearchTest</td><td><a href="#m30">testcases_ClientfileSearchTest</a></td><td rowspan="6">1757804919132</td><td rowspan="6">19463</td></tr><tr class="passedodd"><td><a href="#m31">testcases_ClientfileSearchTest</a></td></tr><tr class="passedodd"><td><a href="#m32">testcases_ClientfileSearchTest</a></td></tr><tr class="passedodd"><td><a href="#m33">testcases_ClientfileSearchTest</a></td></tr><tr class="passedodd"><td><a href="#m34">testcases_ClientfileSearchTest</a></td></tr><tr class="passedodd"><td><a href="#m35">testcases_ClientfileSearchTest</a></td></tr><tr class="passedeven"><td rowspan="2">general.LoginTest</td><td><a href="#m36">testcases_LoginTest</a></td><td rowspan="2">1757804741509</td><td rowspan="2">44552</td></tr><tr class="passedeven"><td><a href="#m37">testcases_LoginTest</a></td></tr><tr class="passedodd"><td rowspan="1">general.LogoutTest</td><td><a href="#m38">testcases_LogoutTest</a></td><td rowspan="1">1757805677029</td><td rowspan="1">6811</td></tr><tr class="passedeven"><td rowspan="2">production_accounting.BSPTicketTest</td><td><a href="#m39">testcases_BSPTicketTest</a></td><td rowspan="2">1757805551909</td><td rowspan="2">17431</td></tr><tr class="passedeven"><td><a href="#m40">testcases_BSPTicketTest</a></td></tr><tr class="passedodd"><td rowspan="2">production_accounting.NonBSPTicketTest</td><td><a href="#m41">testcases_NonBSPTicketTest</a></td><td rowspan="2">1757805598986</td><td rowspan="2">5787</td></tr><tr class="passedodd"><td><a href="#m42">testcases_NonBSPTicketTest</a></td></tr><tr class="passedeven"><td rowspan="2">production_itineraries.AirItineraryTest</td><td><a href="#m43">testcases_AirItineraryTest</a></td><td rowspan="2">1757805090107</td><td rowspan="2">21470</td></tr><tr class="passedeven"><td><a href="#m44">testcases_AirItineraryTest</a></td></tr><tr class="passedodd"><td rowspan="2">production_itineraries.BusItineraryTest</td><td><a href="#m45">testcases_BusItineraryTest</a></td><td rowspan="2">1757805545720</td><td rowspan="2">5790</td></tr><tr class="passedodd"><td><a href="#m46">testcases_BusItineraryTest</a></td></tr><tr class="passedeven"><td rowspan="2">production_itineraries.CarItineraryTest</td><td><a href="#m47">testcases_CarItineraryTest</a></td><td rowspan="2">1757805171693</td><td rowspan="2">5398</td></tr><tr class="passedeven"><td><a href="#m48">testcases_CarItineraryTest</a></td></tr><tr class="passedodd"><td rowspan="3">production_itineraries.HotelItineraryTest</td><td><a href="#m49">testcases_HotelItineraryTest</a></td><td rowspan="3">1757805139149</td><td rowspan="3">5905</td></tr><tr class="passedodd"><td><a href="#m50">testcases_HotelItineraryTest</a></td></tr><tr class="passedodd"><td><a href="#m51">testcases_HotelItineraryTest</a></td></tr><tr class="passedeven"><td rowspan="2">production_itineraries.MiscItineraryTest</td><td><a href="#m52">testcases_AirItineraryTest</a></td><td rowspan="2">1757805488914</td><td rowspan="2">4724</td></tr><tr class="passedeven"><td><a href="#m53">testcases_AirItineraryTest</a></td></tr><tr class="passedodd"><td rowspan="3">production_itineraries.RailItineraryTest</td><td><a href="#m54">testcases_RailItineraryTest</a></td><td rowspan="3">1757805514468</td><td rowspan="3">4516</td></tr><tr class="passedodd"><td><a href="#m55">testcases_RailItineraryTest</a></td></tr><tr class="passedodd"><td><a href="#m56">testcases_RailItineraryTest</a></td></tr><tr class="passedeven"><td rowspan="4">production_itineraries.ShipItineraryTest</td><td><a href="#m57">testcases_ShipItineraryTest</a></td><td rowspan="4">1757805344186</td><td rowspan="4">6701</td></tr><tr class="passedeven"><td><a href="#m58">testcases_ShipItineraryTest</a></td></tr><tr class="passedeven"><td><a href="#m59">testcases_ShipItineraryTest</a></td></tr><tr class="passedeven"><td><a href="#m60">testcases_ShipItineraryTest</a></td></tr><tr class="passedodd"><td rowspan="4">queues.RMITest</td><td><a href="#m61">testcases_RMITest</a></td><td rowspan="4">1757805623915</td><td rowspan="4">17399</td></tr><tr class="passedodd"><td><a href="#m62">testcases_RMITest</a></td></tr><tr class="passedodd"><td><a href="#m63">testcases_RMITest</a></td></tr><tr class="passedodd"><td><a href="#m64">testcases_RMITest</a></td></tr></tbody>
</table>
<h2>AU MyMatrix Production Promotion Testsuite</h2><h3 id="m0">general.ClientfileSearchTest#testcases_ClientfileSearchTest</h3><table class="result"><tr class="param"><th>Parameter #1</th><th>Parameter #2</th><th>Parameter #3</th><th>Parameter #4</th><th>Parameter #5</th><th>Parameter #6</th><th>Parameter #7</th><th>Parameter #8</th><th>Parameter #9</th><th>Parameter #10</th><th>Parameter #11</th><th>Parameter #12</th><th>Parameter #13</th><th>Parameter #14</th><th>Parameter #15</th><th>Parameter #16</th><th>Parameter #17</th><th>Parameter #18</th><th>Parameter #19</th></tr><tr class="param stripe"><td>Y</td><td>Search Clientfile via Departure Date &amp; Booking Branch</td><td>AU</td><td></td><td></td><td></td><td>17Jul2025</td><td>19Aug2025</td><td></td><td></td><td>3970</td><td>A13970</td><td></td><td></td><td></td><td></td><td></td><td></td><td>4</td></tr><tr><th colspan="19">Exception</th></tr><tr><td colspan="19"><div class="stacktrace">java.lang.AssertionError: expected [The WebElement &quot;&apos;Search&apos; Button&quot; was clicked] but found [The WebElement &quot;&apos;Search&apos; Button&quot; is not clickable]
	at utilityClasses.ReportLoggerMethods.click(ReportLoggerMethods.java:124)
	at pagemethods.ClientfileInformationPage.searchClientfile(ClientfileInformationPage.java:105)
	at general.ClientfileSearchTest.testcases_ClientfileSearchTest(ClientfileSearchTest.java:65)
	at java.base/java.util.ArrayList.forEach(ArrayList.java:1596)
	at java.base/java.util.concurrent.FutureTask.run(FutureTask.java:317)
	at java.base/java.util.concurrent.ThreadPoolExecutor.runWorker(ThreadPoolExecutor.java:1144)
	at java.base/java.util.concurrent.ThreadPoolExecutor$Worker.run(ThreadPoolExecutor.java:642)
	at java.base/java.lang.Thread.run(Thread.java:1583)
... Removed 21 stack frames</div></td></tr></table><p class="totop"><a href="#summary">back to summary</a></p>
<h3 id="m1">production_itineraries.InsuranceItineraryTest#testcases_InsuranceItineraryTest</h3><table class="result"><tr class="param"><th>Parameter #1</th><th>Parameter #2</th><th>Parameter #3</th><th>Parameter #4</th><th>Parameter #5</th><th>Parameter #6</th><th>Parameter #7</th><th>Parameter #8</th><th>Parameter #9</th><th>Parameter #10</th><th>Parameter #11</th><th>Parameter #12</th></tr><tr class="param stripe"><td>Y</td><td>Check Insurance Itinerary #1</td><td>AU</td><td>S9F2139C</td><td>1</td><td>QBE INSURANCE(QB1)</td><td>SYDNEY(SYD)</td><td>SYDNEY(SYD)</td><td></td><td>08Aug2015</td><td></td><td>1</td></tr><tr><th colspan="12">Exception</th></tr><tr><td colspan="12"><div class="stacktrace">java.lang.AssertionError: expected [The WebElement &quot;&apos;Expand Itineraries Section&apos; Button&quot; was clicked] but found [The WebElement &quot;&apos;Expand Itineraries Section&apos; Button&quot; is not clickable]
	at utilityClasses.ReportLoggerMethods.click(ReportLoggerMethods.java:124)
	at pagemethods.ClientfilePage.openInsuranceItineraryPage(ClientfilePage.java:100)
	at production_itineraries.InsuranceItineraryTest.testcases_InsuranceItineraryTest(InsuranceItineraryTest.java:67)
	at java.base/java.util.ArrayList.forEach(ArrayList.java:1596)
	at java.base/java.util.concurrent.FutureTask.run(FutureTask.java:317)
	at java.base/java.util.concurrent.ThreadPoolExecutor.runWorker(ThreadPoolExecutor.java:1144)
	at java.base/java.util.concurrent.ThreadPoolExecutor$Worker.run(ThreadPoolExecutor.java:642)
	at java.base/java.lang.Thread.run(Thread.java:1583)
... Removed 21 stack frames</div></td></tr></table><p class="totop"><a href="#summary">back to summary</a></p>
<h3 id="m2">production_itineraries.InsuranceItineraryTest#testcases_InsuranceItineraryTest</h3><table class="result"><tr class="param"><th>Parameter #1</th><th>Parameter #2</th><th>Parameter #3</th><th>Parameter #4</th><th>Parameter #5</th><th>Parameter #6</th><th>Parameter #7</th><th>Parameter #8</th><th>Parameter #9</th><th>Parameter #10</th><th>Parameter #11</th><th>Parameter #12</th></tr><tr class="param stripe"><td>Y</td><td>Check Insurance Itinerary #2</td><td>AU</td><td></td><td>2</td><td>QBE INSURANCE(QB1)</td><td>FRANKFURT INTERNATIONAL APT(FRA)</td><td>FRANKFURT INTERNATIONAL APT(FRA)</td><td></td><td>16Sep2015</td><td></td><td>2</td></tr><tr><th colspan="12">Exception</th></tr><tr><td colspan="12"><div class="stacktrace">java.lang.AssertionError: expected [The WebElement &quot;&apos;Expand Itineraries Section&apos; Button&quot; was clicked] but found [The WebElement &quot;&apos;Expand Itineraries Section&apos; Button&quot; is not clickable]
	at utilityClasses.ReportLoggerMethods.click(ReportLoggerMethods.java:124)
	at pagemethods.ClientfilePage.openInsuranceItineraryPage(ClientfilePage.java:100)
	at production_itineraries.InsuranceItineraryTest.testcases_InsuranceItineraryTest(InsuranceItineraryTest.java:67)
	at java.base/java.util.ArrayList.forEach(ArrayList.java:1596)
	at java.base/java.util.concurrent.FutureTask.run(FutureTask.java:317)
	at java.base/java.util.concurrent.ThreadPoolExecutor.runWorker(ThreadPoolExecutor.java:1144)
	at java.base/java.util.concurrent.ThreadPoolExecutor$Worker.run(ThreadPoolExecutor.java:642)
	at java.base/java.lang.Thread.run(Thread.java:1583)
... Removed 21 stack frames</div></td></tr></table><p class="totop"><a href="#summary">back to summary</a></p>
<h3 id="m3">production_itineraries.TourItineraryTest#testcases_TourItineraryTest</h3><table class="result"><tr class="param"><th>Parameter #1</th><th>Parameter #2</th><th>Parameter #3</th><th>Parameter #4</th><th>Parameter #5</th><th>Parameter #6</th><th>Parameter #7</th><th>Parameter #8</th><th>Parameter #9</th><th>Parameter #10</th><th>Parameter #11</th><th>Parameter #12</th></tr><tr class="param stripe"><td>Y</td><td>Check Tour Itinerary #1</td><td>AU</td><td>MDK0013416N</td><td>1</td><td>OTHER PACKAGES(ZZP)</td><td>BANGKOK SUVARNABH(BKK)</td><td>BANGKOK SUVARNABH(BKK)</td><td>09May2015</td><td>TOUR</td><td></td><td>1</td></tr><tr><th colspan="12">Exception</th></tr><tr><td colspan="12"><div class="stacktrace">java.lang.AssertionError: expected [The WebElement &quot;&apos;Expand Itineraries Section&apos; Button&quot; was clicked] but found [The WebElement &quot;&apos;Expand Itineraries Section&apos; Button&quot; is not clickable]
	at utilityClasses.ReportLoggerMethods.click(ReportLoggerMethods.java:124)
	at pagemethods.ClientfilePage.openTourItineraryPage(ClientfilePage.java:133)
	at production_itineraries.TourItineraryTest.testcases_TourItineraryTest(TourItineraryTest.java:67)
	at java.base/java.util.ArrayList.forEach(ArrayList.java:1596)
	at java.base/java.util.concurrent.FutureTask.run(FutureTask.java:317)
	at java.base/java.util.concurrent.ThreadPoolExecutor.runWorker(ThreadPoolExecutor.java:1144)
	at java.base/java.util.concurrent.ThreadPoolExecutor$Worker.run(ThreadPoolExecutor.java:642)
	at java.base/java.lang.Thread.run(Thread.java:1583)
... Removed 21 stack frames</div></td></tr></table><p class="totop"><a href="#summary">back to summary</a></p>
<h3 id="m4">production_itineraries.TourItineraryTest#testcases_TourItineraryTest</h3><table class="result"><tr class="param"><th>Parameter #1</th><th>Parameter #2</th><th>Parameter #3</th><th>Parameter #4</th><th>Parameter #5</th><th>Parameter #6</th><th>Parameter #7</th><th>Parameter #8</th><th>Parameter #9</th><th>Parameter #10</th><th>Parameter #11</th><th>Parameter #12</th></tr><tr class="param stripe"><td>Y</td><td>Check Tour Itinerary #2</td><td>AU</td><td></td><td>2</td><td>QANTAS HOLIDAYS(Q91)</td><td>BRISBANE(BNE)</td><td>BRISBANE(BNE)</td><td>08Aug2015</td><td>TOUR</td><td></td><td>2</td></tr><tr><th colspan="12">Exception</th></tr><tr><td colspan="12"><div class="stacktrace">java.lang.AssertionError: expected [The WebElement &quot;&apos;Expand Itineraries Section&apos; Button&quot; was clicked] but found [The WebElement &quot;&apos;Expand Itineraries Section&apos; Button&quot; is not clickable]
	at utilityClasses.ReportLoggerMethods.click(ReportLoggerMethods.java:124)
	at pagemethods.ClientfilePage.openTourItineraryPage(ClientfilePage.java:133)
	at production_itineraries.TourItineraryTest.testcases_TourItineraryTest(TourItineraryTest.java:67)
	at java.base/java.util.ArrayList.forEach(ArrayList.java:1596)
	at java.base/java.util.concurrent.FutureTask.run(FutureTask.java:317)
	at java.base/java.util.concurrent.ThreadPoolExecutor.runWorker(ThreadPoolExecutor.java:1144)
	at java.base/java.util.concurrent.ThreadPoolExecutor$Worker.run(ThreadPoolExecutor.java:642)
	at java.base/java.lang.Thread.run(Thread.java:1583)
... Removed 21 stack frames</div></td></tr></table><p class="totop"><a href="#summary">back to summary</a></p>
<h3 id="m5">production_itineraries.TourItineraryTest#testcases_TourItineraryTest</h3><table class="result"><tr class="param"><th>Parameter #1</th><th>Parameter #2</th><th>Parameter #3</th><th>Parameter #4</th><th>Parameter #5</th><th>Parameter #6</th><th>Parameter #7</th><th>Parameter #8</th><th>Parameter #9</th><th>Parameter #10</th><th>Parameter #11</th><th>Parameter #12</th></tr><tr class="param stripe"><td>Y</td><td>Check Tour Itinerary #3</td><td>AU</td><td></td><td>3</td><td>OTHER PACKAGES(ZZP)</td><td>BRISBANE(BNE)</td><td>BRISBANE(BNE)</td><td>08Aug2015</td><td>TOUR</td><td></td><td>3</td></tr><tr><th colspan="12">Exception</th></tr><tr><td colspan="12"><div class="stacktrace">java.lang.AssertionError: expected [The WebElement &quot;&apos;Expand Itineraries Section&apos; Button&quot; was clicked] but found [The WebElement &quot;&apos;Expand Itineraries Section&apos; Button&quot; is not clickable]
	at utilityClasses.ReportLoggerMethods.click(ReportLoggerMethods.java:124)
	at pagemethods.ClientfilePage.openTourItineraryPage(ClientfilePage.java:133)
	at production_itineraries.TourItineraryTest.testcases_TourItineraryTest(TourItineraryTest.java:67)
	at java.base/java.util.ArrayList.forEach(ArrayList.java:1596)
	at java.base/java.util.concurrent.FutureTask.run(FutureTask.java:317)
	at java.base/java.util.concurrent.ThreadPoolExecutor.runWorker(ThreadPoolExecutor.java:1144)
	at java.base/java.util.concurrent.ThreadPoolExecutor$Worker.run(ThreadPoolExecutor.java:642)
	at java.base/java.lang.Thread.run(Thread.java:1583)
... Removed 21 stack frames</div></td></tr></table><p class="totop"><a href="#summary">back to summary</a></p>
<h3 id="m6">general.ClientfileSearchTest#testcases_ClientfileSearchTest</h3><table class="result"><tr class="param"><th>Parameter #1</th><th>Parameter #2</th><th>Parameter #3</th><th>Parameter #4</th><th>Parameter #5</th><th>Parameter #6</th><th>Parameter #7</th><th>Parameter #8</th><th>Parameter #9</th><th>Parameter #10</th><th>Parameter #11</th><th>Parameter #12</th><th>Parameter #13</th><th>Parameter #14</th><th>Parameter #15</th><th>Parameter #16</th><th>Parameter #17</th><th>Parameter #18</th><th>Parameter #19</th></tr><tr class="param stripe"><td>Y</td><td>Search Clientfile via Departure Date &amp; Booking Branch</td><td>AU</td><td></td><td></td><td></td><td>17Jul2025</td><td>19Aug2025</td><td></td><td></td><td>3970</td><td>A13970</td><td></td><td></td><td></td><td></td><td></td><td></td><td>4</td></tr><tr><th colspan="19">Exception</th></tr><tr><td colspan="19"><div class="stacktrace">java.lang.AssertionError: expected [The WebElement &quot;&apos;Search&apos; Button&quot; was clicked] but found [The WebElement &quot;&apos;Search&apos; Button&quot; is not clickable]
	at utilityClasses.ReportLoggerMethods.click(ReportLoggerMethods.java:124)
	at pagemethods.ClientfileInformationPage.searchClientfile(ClientfileInformationPage.java:105)
	at general.ClientfileSearchTest.testcases_ClientfileSearchTest(ClientfileSearchTest.java:65)
	at java.base/java.util.ArrayList.forEach(ArrayList.java:1596)
	at java.base/java.util.concurrent.FutureTask.run(FutureTask.java:317)
	at java.base/java.util.concurrent.ThreadPoolExecutor.runWorker(ThreadPoolExecutor.java:1144)
	at java.base/java.util.concurrent.ThreadPoolExecutor$Worker.run(ThreadPoolExecutor.java:642)
	at java.base/java.lang.Thread.run(Thread.java:1583)
... Removed 21 stack frames</div></td></tr></table><p class="totop"><a href="#summary">back to summary</a></p>
<h3 id="m7">general.ClientfileSearchTest#testcases_ClientfileSearchTest</h3><table class="result"><tr class="param"><th>Parameter #1</th><th>Parameter #2</th><th>Parameter #3</th><th>Parameter #4</th><th>Parameter #5</th><th>Parameter #6</th><th>Parameter #7</th><th>Parameter #8</th><th>Parameter #9</th><th>Parameter #10</th><th>Parameter #11</th><th>Parameter #12</th><th>Parameter #13</th><th>Parameter #14</th><th>Parameter #15</th><th>Parameter #16</th><th>Parameter #17</th><th>Parameter #18</th><th>Parameter #19</th></tr><tr class="param stripe"><td>Y</td><td>Search Clientfile via Departure Date &amp; Booking Branch</td><td>AU</td><td></td><td></td><td></td><td>17Jul2025</td><td>19Aug2025</td><td></td><td></td><td>3970</td><td>A13970</td><td></td><td></td><td></td><td></td><td></td><td></td><td>4</td></tr><tr><th colspan="19">Exception</th></tr><tr><td colspan="19"><div class="stacktrace">java.lang.AssertionError: The following asserts failed:
	expected [19Aug2025] but found [08Feb2025],
	expected [A13970] but found [A14920]
	at general.ClientfileSearchTest.testcases_ClientfileSearchTest(ClientfileSearchTest.java:172)
	at java.base/java.util.ArrayList.forEach(ArrayList.java:1596)
	at java.base/java.util.concurrent.FutureTask.run(FutureTask.java:317)
	at java.base/java.util.concurrent.ThreadPoolExecutor.runWorker(ThreadPoolExecutor.java:1144)
	at java.base/java.util.concurrent.ThreadPoolExecutor$Worker.run(ThreadPoolExecutor.java:642)
	at java.base/java.lang.Thread.run(Thread.java:1583)
... Removed 17 stack frames</div></td></tr></table><p class="totop"><a href="#summary">back to summary</a></p>
<h3 id="m8">general.ClientfileSearchTest#testcases_ClientfileSearchTest</h3><table class="result"><tr class="param"><th>Parameter #1</th><th>Parameter #2</th><th>Parameter #3</th><th>Parameter #4</th><th>Parameter #5</th><th>Parameter #6</th><th>Parameter #7</th><th>Parameter #8</th><th>Parameter #9</th><th>Parameter #10</th><th>Parameter #11</th><th>Parameter #12</th><th>Parameter #13</th><th>Parameter #14</th><th>Parameter #15</th><th>Parameter #16</th><th>Parameter #17</th><th>Parameter #18</th><th>Parameter #19</th></tr><tr class="param stripe"><td>Y</td><td>Search Clientfile via Client File Code</td><td>AU</td><td></td><td></td><td></td><td></td><td></td><td></td><td></td><td></td><td></td><td></td><td></td><td></td><td>11F</td><td></td><td></td><td>7</td></tr><tr><th colspan="19">Exception</th></tr><tr><td colspan="19"><div class="stacktrace">java.lang.AssertionError: expected [The WebElement &quot;&apos;View&apos; Menu Listing Drop-Down&quot; was clicked] but found [The WebElement &quot;&apos;View&apos; Menu Listing Drop-Down&quot; is not clickable]
	at utilityClasses.ReportLoggerMethods.click(ReportLoggerMethods.java:124)
	at pagemethods.HomePage.goToClientfileInformationPage(HomePage.java:24)
	at general.ClientfileSearchTest.testcases_ClientfileSearchTest(ClientfileSearchTest.java:62)
	at java.base/java.util.ArrayList.forEach(ArrayList.java:1596)
	at java.base/java.util.concurrent.FutureTask.run(FutureTask.java:317)
	at java.base/java.util.concurrent.ThreadPoolExecutor.runWorker(ThreadPoolExecutor.java:1144)
	at java.base/java.util.concurrent.ThreadPoolExecutor$Worker.run(ThreadPoolExecutor.java:642)
	at java.base/java.lang.Thread.run(Thread.java:1583)
... Removed 21 stack frames</div></td></tr></table><p class="totop"><a href="#summary">back to summary</a></p>
<h3 id="m9">general.ClientfileSearchTest#testcases_ClientfileSearchTest</h3><table class="result"><tr class="param"><th>Parameter #1</th><th>Parameter #2</th><th>Parameter #3</th><th>Parameter #4</th><th>Parameter #5</th><th>Parameter #6</th><th>Parameter #7</th><th>Parameter #8</th><th>Parameter #9</th><th>Parameter #10</th><th>Parameter #11</th><th>Parameter #12</th><th>Parameter #13</th><th>Parameter #14</th><th>Parameter #15</th><th>Parameter #16</th><th>Parameter #17</th><th>Parameter #18</th><th>Parameter #19</th></tr><tr class="param stripe"><td>Y</td><td>Search Clientfile via Full Name</td><td>AU</td><td>JOHNSON</td><td>TIM</td><td></td><td></td><td></td><td></td><td></td><td></td><td></td><td></td><td></td><td></td><td></td><td></td><td></td><td>1</td></tr><tr><th colspan="19">Exception</th></tr><tr><td colspan="19"><div class="stacktrace">java.lang.AssertionError: expected [The WebElement &quot;&apos;Search&apos; Button&quot; was clicked] but found [The WebElement &quot;&apos;Search&apos; Button&quot; is not clickable]
	at utilityClasses.ReportLoggerMethods.click(ReportLoggerMethods.java:124)
	at pagemethods.ClientfileInformationPage.searchClientfile(ClientfileInformationPage.java:105)
	at general.ClientfileSearchTest.testcases_ClientfileSearchTest(ClientfileSearchTest.java:65)
	at java.base/java.util.ArrayList.forEach(ArrayList.java:1596)
	at java.base/java.util.concurrent.FutureTask.run(FutureTask.java:317)
	at java.base/java.util.concurrent.ThreadPoolExecutor.runWorker(ThreadPoolExecutor.java:1144)
	at java.base/java.util.concurrent.ThreadPoolExecutor$Worker.run(ThreadPoolExecutor.java:642)
	at java.base/java.lang.Thread.run(Thread.java:1583)
... Removed 21 stack frames</div></td></tr></table><p class="totop"><a href="#summary">back to summary</a></p>
<h3 id="m10">general.ClientfileSearchTest#testcases_ClientfileSearchTest</h3><table class="result"><tr class="param"><th>Parameter #1</th><th>Parameter #2</th><th>Parameter #3</th><th>Parameter #4</th><th>Parameter #5</th><th>Parameter #6</th><th>Parameter #7</th><th>Parameter #8</th><th>Parameter #9</th><th>Parameter #10</th><th>Parameter #11</th><th>Parameter #12</th><th>Parameter #13</th><th>Parameter #14</th><th>Parameter #15</th><th>Parameter #16</th><th>Parameter #17</th><th>Parameter #18</th><th>Parameter #19</th></tr><tr class="param stripe"><td>Y</td><td>Search Clientfile via Departure Date &amp; Booking Branch</td><td>AU</td><td></td><td></td><td></td><td>17Jul2025</td><td>19Aug2025</td><td></td><td></td><td>3970</td><td>A13970</td><td></td><td></td><td></td><td></td><td></td><td></td><td>4</td></tr><tr><th colspan="19">Exception</th></tr><tr><td colspan="19"><div class="stacktrace">java.lang.AssertionError: expected [The WebElement &quot;&apos;Search&apos; Button&quot; was clicked] but found [The WebElement &quot;&apos;Search&apos; Button&quot; is not clickable]
	at utilityClasses.ReportLoggerMethods.click(ReportLoggerMethods.java:124)
	at pagemethods.ClientfileInformationPage.searchClientfile(ClientfileInformationPage.java:105)
	at general.ClientfileSearchTest.testcases_ClientfileSearchTest(ClientfileSearchTest.java:65)
	at java.base/java.util.ArrayList.forEach(ArrayList.java:1596)
	at java.base/java.util.concurrent.FutureTask.run(FutureTask.java:317)
	at java.base/java.util.concurrent.ThreadPoolExecutor.runWorker(ThreadPoolExecutor.java:1144)
	at java.base/java.util.concurrent.ThreadPoolExecutor$Worker.run(ThreadPoolExecutor.java:642)
	at java.base/java.lang.Thread.run(Thread.java:1583)
... Removed 21 stack frames</div></td></tr></table><p class="totop"><a href="#summary">back to summary</a></p>
<h3 id="m11">general.LoginTest#testcases_LoginTest</h3><table class="result"><tr class="param"><th>Parameter #1</th><th>Parameter #2</th><th>Parameter #3</th><th>Parameter #4</th><th>Parameter #5</th><th>Parameter #6</th><th>Parameter #7</th><th>Parameter #8</th></tr><tr class="param stripe"><td>Y</td><td>AU Production MyMatrix Login Test</td><td>AU</td><td></td><td>AU MyMatrix</td><td>n</td><td></td><td>2</td></tr><tr><th colspan="8">Exception</th></tr><tr><td colspan="8"><div class="stacktrace">java.lang.AssertionError: The following asserts failed:
	expected [The user successfully logged in] but found [The user failed  to log in]
	at general.LoginTest.testcases_LoginTest(LoginTest.java:94)
	at java.base/java.util.ArrayList.forEach(ArrayList.java:1596)
	at java.base/java.util.concurrent.FutureTask.run(FutureTask.java:317)
	at java.base/java.util.concurrent.ThreadPoolExecutor.runWorker(ThreadPoolExecutor.java:1144)
	at java.base/java.util.concurrent.ThreadPoolExecutor$Worker.run(ThreadPoolExecutor.java:642)
	at java.base/java.lang.Thread.run(Thread.java:1583)
... Removed 17 stack frames</div></td></tr></table><p class="totop"><a href="#summary">back to summary</a></p>
<h3 id="m12">general.LoginTest#testcases_LoginTest</h3><table class="result"><tr class="param"><th>Parameter #1</th><th>Parameter #2</th><th>Parameter #3</th><th>Parameter #4</th><th>Parameter #5</th><th>Parameter #6</th><th>Parameter #7</th><th>Parameter #8</th></tr><tr class="param stripe"><td>Y</td><td>AU Production IRDB Login Test</td><td>AU</td><td></td><td>AU IRDB</td><td>Y</td><td></td><td>1</td></tr><tr><th colspan="8">Exception</th></tr><tr><td colspan="8"><div class="stacktrace">java.lang.AssertionError: expected [The WebElement &quot;&apos;Region&apos; Drop-Down&quot; was clicked] but found [The WebElement &quot;&apos;Region&apos; Drop-Down&quot; is not clickable]
	at utilityClasses.ReportLoggerMethods.click(ReportLoggerMethods.java:124)
	at pagemethods.LoginPage.selectRegion(LoginPage.java:41)
	at general.LoginTest.testcases_LoginTest(LoginTest.java:63)
	at java.base/java.util.ArrayList.forEach(ArrayList.java:1596)
	at java.base/java.util.concurrent.FutureTask.run(FutureTask.java:317)
	at java.base/java.util.concurrent.ThreadPoolExecutor.runWorker(ThreadPoolExecutor.java:1144)
	at java.base/java.util.concurrent.ThreadPoolExecutor$Worker.run(ThreadPoolExecutor.java:642)
	at java.base/java.lang.Thread.run(Thread.java:1583)
... Removed 21 stack frames</div></td></tr></table><p class="totop"><a href="#summary">back to summary</a></p>
<h3 id="m13">production_accounting.BSPTicketTest#testcases_BSPTicketTest</h3><table class="result"><tr class="param"><th>Parameter #1</th><th>Parameter #2</th><th>Parameter #3</th><th>Parameter #4</th><th>Parameter #5</th><th>Parameter #6</th><th>Parameter #7</th><th>Parameter #8</th><th>Parameter #9</th><th>Parameter #10</th></tr><tr class="param stripe"><td>Y</td><td>Check BSP Ticket #2</td><td>AU</td><td></td><td>BSP Tickets</td><td>176</td><td>EMIRATES AIR</td><td>2047964533</td><td></td><td>2</td></tr><tr><th colspan="10">Exception</th></tr><tr><td colspan="10"><div class="stacktrace">java.lang.AssertionError: The following asserts failed:
	expected [Document Type &apos;BSP Tickets&apos; with Document Number &apos;2047964533&apos;] but found [Did not locate the Document Type &apos;BSP Tickets&apos; with Document Number &apos;2047964533&apos;]
	at production_accounting.BSPTicketTest.testcases_BSPTicketTest(BSPTicketTest.java:122)
	at java.base/java.util.ArrayList.forEach(ArrayList.java:1596)
	at java.base/java.util.concurrent.FutureTask.run(FutureTask.java:317)
	at java.base/java.util.concurrent.ThreadPoolExecutor.runWorker(ThreadPoolExecutor.java:1144)
	at java.base/java.util.concurrent.ThreadPoolExecutor$Worker.run(ThreadPoolExecutor.java:642)
	at java.base/java.lang.Thread.run(Thread.java:1583)
... Removed 17 stack frames</div></td></tr></table><p class="totop"><a href="#summary">back to summary</a></p>
<h3 id="m14">production_itineraries.InsuranceItineraryTest#testcases_InsuranceItineraryTest</h3><table class="result"><tr class="param"><th>Parameter #1</th><th>Parameter #2</th><th>Parameter #3</th><th>Parameter #4</th><th>Parameter #5</th><th>Parameter #6</th><th>Parameter #7</th><th>Parameter #8</th><th>Parameter #9</th><th>Parameter #10</th><th>Parameter #11</th><th>Parameter #12</th></tr><tr class="param stripe"><td>Y</td><td>Check Insurance Itinerary #2</td><td>AU</td><td></td><td>2</td><td>QBE INSURANCE(QB1)</td><td>FRANKFURT INTERNATIONAL APT(FRA)</td><td>FRANKFURT INTERNATIONAL APT(FRA)</td><td></td><td>16Sep2015</td><td></td><td>2</td></tr><tr><th colspan="12">Exception</th></tr><tr><td colspan="12"><div class="stacktrace">java.lang.AssertionError: expected [The WebElement &quot;&apos;Expand Itineraries Section&apos; Button&quot; was clicked] but found [The WebElement &quot;&apos;Expand Itineraries Section&apos; Button&quot; is not clickable]
	at utilityClasses.ReportLoggerMethods.click(ReportLoggerMethods.java:124)
	at pagemethods.ClientfilePage.openInsuranceItineraryPage(ClientfilePage.java:100)
	at production_itineraries.InsuranceItineraryTest.testcases_InsuranceItineraryTest(InsuranceItineraryTest.java:67)
	at java.base/java.util.ArrayList.forEach(ArrayList.java:1596)
	at java.base/java.util.concurrent.FutureTask.run(FutureTask.java:317)
	at java.base/java.util.concurrent.ThreadPoolExecutor.runWorker(ThreadPoolExecutor.java:1144)
	at java.base/java.util.concurrent.ThreadPoolExecutor$Worker.run(ThreadPoolExecutor.java:642)
	at java.base/java.lang.Thread.run(Thread.java:1583)
... Removed 21 stack frames</div></td></tr></table><p class="totop"><a href="#summary">back to summary</a></p>
<h3 id="m15">production_itineraries.InsuranceItineraryTest#testcases_InsuranceItineraryTest</h3><table class="result"><tr class="param"><th>Parameter #1</th><th>Parameter #2</th><th>Parameter #3</th><th>Parameter #4</th><th>Parameter #5</th><th>Parameter #6</th><th>Parameter #7</th><th>Parameter #8</th><th>Parameter #9</th><th>Parameter #10</th><th>Parameter #11</th><th>Parameter #12</th></tr><tr class="param stripe"><td>Y</td><td>Check Insurance Itinerary #1</td><td>AU</td><td>S9F2139C</td><td>1</td><td>QBE INSURANCE(QB1)</td><td>SYDNEY(SYD)</td><td>SYDNEY(SYD)</td><td></td><td>08Aug2015</td><td></td><td>1</td></tr><tr><th colspan="12">Exception</th></tr><tr><td colspan="12"><div class="stacktrace">java.lang.AssertionError: expected [The WebElement &quot;&apos;Expand Itineraries Section&apos; Button&quot; was clicked] but found [The WebElement &quot;&apos;Expand Itineraries Section&apos; Button&quot; is not clickable]
	at utilityClasses.ReportLoggerMethods.click(ReportLoggerMethods.java:124)
	at pagemethods.ClientfilePage.openInsuranceItineraryPage(ClientfilePage.java:100)
	at production_itineraries.InsuranceItineraryTest.testcases_InsuranceItineraryTest(InsuranceItineraryTest.java:67)
	at java.base/java.util.ArrayList.forEach(ArrayList.java:1596)
	at java.base/java.util.concurrent.FutureTask.run(FutureTask.java:317)
	at java.base/java.util.concurrent.ThreadPoolExecutor.runWorker(ThreadPoolExecutor.java:1144)
	at java.base/java.util.concurrent.ThreadPoolExecutor$Worker.run(ThreadPoolExecutor.java:642)
	at java.base/java.lang.Thread.run(Thread.java:1583)
... Removed 21 stack frames</div></td></tr></table><p class="totop"><a href="#summary">back to summary</a></p>
<h3 id="m16">production_itineraries.InsuranceItineraryTest#testcases_InsuranceItineraryTest</h3><table class="result"><tr class="param"><th>Parameter #1</th><th>Parameter #2</th><th>Parameter #3</th><th>Parameter #4</th><th>Parameter #5</th><th>Parameter #6</th><th>Parameter #7</th><th>Parameter #8</th><th>Parameter #9</th><th>Parameter #10</th><th>Parameter #11</th><th>Parameter #12</th></tr><tr class="param stripe"><td>Y</td><td>Check Insurance Itinerary #1</td><td>AU</td><td>S9F2139C</td><td>1</td><td>QBE INSURANCE(QB1)</td><td>SYDNEY(SYD)</td><td>SYDNEY(SYD)</td><td></td><td>08Aug2015</td><td></td><td>1</td></tr><tr><th colspan="12">Exception</th></tr><tr><td colspan="12"><div class="stacktrace">java.lang.AssertionError: expected [The WebElement &quot;&apos;Expand Itineraries Section&apos; Button&quot; was clicked] but found [The WebElement &quot;&apos;Expand Itineraries Section&apos; Button&quot; is not clickable]
	at utilityClasses.ReportLoggerMethods.click(ReportLoggerMethods.java:124)
	at pagemethods.ClientfilePage.openInsuranceItineraryPage(ClientfilePage.java:100)
	at production_itineraries.InsuranceItineraryTest.testcases_InsuranceItineraryTest(InsuranceItineraryTest.java:67)
	at java.base/java.util.ArrayList.forEach(ArrayList.java:1596)
	at java.base/java.util.concurrent.FutureTask.run(FutureTask.java:317)
	at java.base/java.util.concurrent.ThreadPoolExecutor.runWorker(ThreadPoolExecutor.java:1144)
	at java.base/java.util.concurrent.ThreadPoolExecutor$Worker.run(ThreadPoolExecutor.java:642)
	at java.base/java.lang.Thread.run(Thread.java:1583)
... Removed 21 stack frames</div></td></tr></table><p class="totop"><a href="#summary">back to summary</a></p>
<h3 id="m17">production_itineraries.InsuranceItineraryTest#testcases_InsuranceItineraryTest</h3><table class="result"><tr class="param"><th>Parameter #1</th><th>Parameter #2</th><th>Parameter #3</th><th>Parameter #4</th><th>Parameter #5</th><th>Parameter #6</th><th>Parameter #7</th><th>Parameter #8</th><th>Parameter #9</th><th>Parameter #10</th><th>Parameter #11</th><th>Parameter #12</th></tr><tr class="param stripe"><td>Y</td><td>Check Insurance Itinerary #2</td><td>AU</td><td></td><td>2</td><td>QBE INSURANCE(QB1)</td><td>FRANKFURT INTERNATIONAL APT(FRA)</td><td>FRANKFURT INTERNATIONAL APT(FRA)</td><td></td><td>16Sep2015</td><td></td><td>2</td></tr><tr><th colspan="12">Exception</th></tr><tr><td colspan="12"><div class="stacktrace">java.lang.AssertionError: expected [The WebElement &quot;&apos;Expand Itineraries Section&apos; Button&quot; was clicked] but found [The WebElement &quot;&apos;Expand Itineraries Section&apos; Button&quot; is not clickable]
	at utilityClasses.ReportLoggerMethods.click(ReportLoggerMethods.java:124)
	at pagemethods.ClientfilePage.openInsuranceItineraryPage(ClientfilePage.java:100)
	at production_itineraries.InsuranceItineraryTest.testcases_InsuranceItineraryTest(InsuranceItineraryTest.java:67)
	at java.base/java.util.ArrayList.forEach(ArrayList.java:1596)
	at java.base/java.util.concurrent.FutureTask.run(FutureTask.java:317)
	at java.base/java.util.concurrent.ThreadPoolExecutor.runWorker(ThreadPoolExecutor.java:1144)
	at java.base/java.util.concurrent.ThreadPoolExecutor$Worker.run(ThreadPoolExecutor.java:642)
	at java.base/java.lang.Thread.run(Thread.java:1583)
... Removed 21 stack frames</div></td></tr></table><p class="totop"><a href="#summary">back to summary</a></p>
<h3 id="m18">production_itineraries.InsuranceItineraryTest#testcases_InsuranceItineraryTest</h3><table class="result"><tr class="param"><th>Parameter #1</th><th>Parameter #2</th><th>Parameter #3</th><th>Parameter #4</th><th>Parameter #5</th><th>Parameter #6</th><th>Parameter #7</th><th>Parameter #8</th><th>Parameter #9</th><th>Parameter #10</th><th>Parameter #11</th><th>Parameter #12</th></tr><tr class="param stripe"><td>Y</td><td>Check Insurance Itinerary #1</td><td>AU</td><td>S9F2139C</td><td>1</td><td>QBE INSURANCE(QB1)</td><td>SYDNEY(SYD)</td><td>SYDNEY(SYD)</td><td></td><td>08Aug2015</td><td></td><td>1</td></tr><tr><th colspan="12">Exception</th></tr><tr><td colspan="12"><div class="stacktrace">java.lang.AssertionError: expected [The WebElement &quot;&apos;Expand Itineraries Section&apos; Button&quot; was clicked] but found [The WebElement &quot;&apos;Expand Itineraries Section&apos; Button&quot; is not clickable]
	at utilityClasses.ReportLoggerMethods.click(ReportLoggerMethods.java:124)
	at pagemethods.ClientfilePage.openInsuranceItineraryPage(ClientfilePage.java:100)
	at production_itineraries.InsuranceItineraryTest.testcases_InsuranceItineraryTest(InsuranceItineraryTest.java:67)
	at java.base/java.util.ArrayList.forEach(ArrayList.java:1596)
	at java.base/java.util.concurrent.FutureTask.run(FutureTask.java:317)
	at java.base/java.util.concurrent.ThreadPoolExecutor.runWorker(ThreadPoolExecutor.java:1144)
	at java.base/java.util.concurrent.ThreadPoolExecutor$Worker.run(ThreadPoolExecutor.java:642)
	at java.base/java.lang.Thread.run(Thread.java:1583)
... Removed 21 stack frames</div></td></tr></table><p class="totop"><a href="#summary">back to summary</a></p>
<h3 id="m19">production_itineraries.InsuranceItineraryTest#testcases_InsuranceItineraryTest</h3><table class="result"><tr class="param"><th>Parameter #1</th><th>Parameter #2</th><th>Parameter #3</th><th>Parameter #4</th><th>Parameter #5</th><th>Parameter #6</th><th>Parameter #7</th><th>Parameter #8</th><th>Parameter #9</th><th>Parameter #10</th><th>Parameter #11</th><th>Parameter #12</th></tr><tr class="param stripe"><td>Y</td><td>Check Insurance Itinerary #2</td><td>AU</td><td></td><td>2</td><td>QBE INSURANCE(QB1)</td><td>FRANKFURT INTERNATIONAL APT(FRA)</td><td>FRANKFURT INTERNATIONAL APT(FRA)</td><td></td><td>16Sep2015</td><td></td><td>2</td></tr><tr><th colspan="12">Exception</th></tr><tr><td colspan="12"><div class="stacktrace">java.lang.AssertionError: expected [The WebElement &quot;&apos;Expand Itineraries Section&apos; Button&quot; was clicked] but found [The WebElement &quot;&apos;Expand Itineraries Section&apos; Button&quot; is not clickable]
	at utilityClasses.ReportLoggerMethods.click(ReportLoggerMethods.java:124)
	at pagemethods.ClientfilePage.openInsuranceItineraryPage(ClientfilePage.java:100)
	at production_itineraries.InsuranceItineraryTest.testcases_InsuranceItineraryTest(InsuranceItineraryTest.java:67)
	at java.base/java.util.ArrayList.forEach(ArrayList.java:1596)
	at java.base/java.util.concurrent.FutureTask.run(FutureTask.java:317)
	at java.base/java.util.concurrent.ThreadPoolExecutor.runWorker(ThreadPoolExecutor.java:1144)
	at java.base/java.util.concurrent.ThreadPoolExecutor$Worker.run(ThreadPoolExecutor.java:642)
	at java.base/java.lang.Thread.run(Thread.java:1583)
... Removed 21 stack frames</div></td></tr></table><p class="totop"><a href="#summary">back to summary</a></p>
<h3 id="m20">production_itineraries.TourItineraryTest#testcases_TourItineraryTest</h3><table class="result"><tr class="param"><th>Parameter #1</th><th>Parameter #2</th><th>Parameter #3</th><th>Parameter #4</th><th>Parameter #5</th><th>Parameter #6</th><th>Parameter #7</th><th>Parameter #8</th><th>Parameter #9</th><th>Parameter #10</th><th>Parameter #11</th><th>Parameter #12</th></tr><tr class="param stripe"><td>Y</td><td>Check Tour Itinerary #2</td><td>AU</td><td></td><td>2</td><td>QANTAS HOLIDAYS(Q91)</td><td>BRISBANE(BNE)</td><td>BRISBANE(BNE)</td><td>08Aug2015</td><td>TOUR</td><td></td><td>2</td></tr><tr><th colspan="12">Exception</th></tr><tr><td colspan="12"><div class="stacktrace">java.lang.AssertionError: expected [The WebElement &quot;&apos;Expand Itineraries Section&apos; Button&quot; was clicked] but found [The WebElement &quot;&apos;Expand Itineraries Section&apos; Button&quot; is not clickable]
	at utilityClasses.ReportLoggerMethods.click(ReportLoggerMethods.java:124)
	at pagemethods.ClientfilePage.openTourItineraryPage(ClientfilePage.java:133)
	at production_itineraries.TourItineraryTest.testcases_TourItineraryTest(TourItineraryTest.java:67)
	at java.base/java.util.ArrayList.forEach(ArrayList.java:1596)
	at java.base/java.util.concurrent.FutureTask.run(FutureTask.java:317)
	at java.base/java.util.concurrent.ThreadPoolExecutor.runWorker(ThreadPoolExecutor.java:1144)
	at java.base/java.util.concurrent.ThreadPoolExecutor$Worker.run(ThreadPoolExecutor.java:642)
	at java.base/java.lang.Thread.run(Thread.java:1583)
... Removed 21 stack frames</div></td></tr></table><p class="totop"><a href="#summary">back to summary</a></p>
<h3 id="m21">production_itineraries.TourItineraryTest#testcases_TourItineraryTest</h3><table class="result"><tr class="param"><th>Parameter #1</th><th>Parameter #2</th><th>Parameter #3</th><th>Parameter #4</th><th>Parameter #5</th><th>Parameter #6</th><th>Parameter #7</th><th>Parameter #8</th><th>Parameter #9</th><th>Parameter #10</th><th>Parameter #11</th><th>Parameter #12</th></tr><tr class="param stripe"><td>Y</td><td>Check Tour Itinerary #3</td><td>AU</td><td></td><td>3</td><td>OTHER PACKAGES(ZZP)</td><td>BRISBANE(BNE)</td><td>BRISBANE(BNE)</td><td>08Aug2015</td><td>TOUR</td><td></td><td>3</td></tr><tr><th colspan="12">Exception</th></tr><tr><td colspan="12"><div class="stacktrace">java.lang.AssertionError: expected [The WebElement &quot;&apos;Expand Itineraries Section&apos; Button&quot; was clicked] but found [The WebElement &quot;&apos;Expand Itineraries Section&apos; Button&quot; is not clickable]
	at utilityClasses.ReportLoggerMethods.click(ReportLoggerMethods.java:124)
	at pagemethods.ClientfilePage.openTourItineraryPage(ClientfilePage.java:133)
	at production_itineraries.TourItineraryTest.testcases_TourItineraryTest(TourItineraryTest.java:67)
	at java.base/java.util.ArrayList.forEach(ArrayList.java:1596)
	at java.base/java.util.concurrent.FutureTask.run(FutureTask.java:317)
	at java.base/java.util.concurrent.ThreadPoolExecutor.runWorker(ThreadPoolExecutor.java:1144)
	at java.base/java.util.concurrent.ThreadPoolExecutor$Worker.run(ThreadPoolExecutor.java:642)
	at java.base/java.lang.Thread.run(Thread.java:1583)
... Removed 21 stack frames</div></td></tr></table><p class="totop"><a href="#summary">back to summary</a></p>
<h3 id="m22">production_itineraries.TourItineraryTest#testcases_TourItineraryTest</h3><table class="result"><tr class="param"><th>Parameter #1</th><th>Parameter #2</th><th>Parameter #3</th><th>Parameter #4</th><th>Parameter #5</th><th>Parameter #6</th><th>Parameter #7</th><th>Parameter #8</th><th>Parameter #9</th><th>Parameter #10</th><th>Parameter #11</th><th>Parameter #12</th></tr><tr class="param stripe"><td>Y</td><td>Check Tour Itinerary #2</td><td>AU</td><td></td><td>2</td><td>QANTAS HOLIDAYS(Q91)</td><td>BRISBANE(BNE)</td><td>BRISBANE(BNE)</td><td>08Aug2015</td><td>TOUR</td><td></td><td>2</td></tr><tr><th colspan="12">Exception</th></tr><tr><td colspan="12"><div class="stacktrace">java.lang.AssertionError: expected [The WebElement &quot;&apos;Expand Itineraries Section&apos; Button&quot; was clicked] but found [The WebElement &quot;&apos;Expand Itineraries Section&apos; Button&quot; is not clickable]
	at utilityClasses.ReportLoggerMethods.click(ReportLoggerMethods.java:124)
	at pagemethods.ClientfilePage.openTourItineraryPage(ClientfilePage.java:133)
	at production_itineraries.TourItineraryTest.testcases_TourItineraryTest(TourItineraryTest.java:67)
	at java.base/java.util.ArrayList.forEach(ArrayList.java:1596)
	at java.base/java.util.concurrent.FutureTask.run(FutureTask.java:317)
	at java.base/java.util.concurrent.ThreadPoolExecutor.runWorker(ThreadPoolExecutor.java:1144)
	at java.base/java.util.concurrent.ThreadPoolExecutor$Worker.run(ThreadPoolExecutor.java:642)
	at java.base/java.lang.Thread.run(Thread.java:1583)
... Removed 21 stack frames</div></td></tr></table><p class="totop"><a href="#summary">back to summary</a></p>
<h3 id="m23">production_itineraries.TourItineraryTest#testcases_TourItineraryTest</h3><table class="result"><tr class="param"><th>Parameter #1</th><th>Parameter #2</th><th>Parameter #3</th><th>Parameter #4</th><th>Parameter #5</th><th>Parameter #6</th><th>Parameter #7</th><th>Parameter #8</th><th>Parameter #9</th><th>Parameter #10</th><th>Parameter #11</th><th>Parameter #12</th></tr><tr class="param stripe"><td>Y</td><td>Check Tour Itinerary #3</td><td>AU</td><td></td><td>3</td><td>OTHER PACKAGES(ZZP)</td><td>BRISBANE(BNE)</td><td>BRISBANE(BNE)</td><td>08Aug2015</td><td>TOUR</td><td></td><td>3</td></tr><tr><th colspan="12">Exception</th></tr><tr><td colspan="12"><div class="stacktrace">java.lang.AssertionError: expected [The WebElement &quot;&apos;Expand Itineraries Section&apos; Button&quot; was clicked] but found [The WebElement &quot;&apos;Expand Itineraries Section&apos; Button&quot; is not clickable]
	at utilityClasses.ReportLoggerMethods.click(ReportLoggerMethods.java:124)
	at pagemethods.ClientfilePage.openTourItineraryPage(ClientfilePage.java:133)
	at production_itineraries.TourItineraryTest.testcases_TourItineraryTest(TourItineraryTest.java:67)
	at java.base/java.util.ArrayList.forEach(ArrayList.java:1596)
	at java.base/java.util.concurrent.FutureTask.run(FutureTask.java:317)
	at java.base/java.util.concurrent.ThreadPoolExecutor.runWorker(ThreadPoolExecutor.java:1144)
	at java.base/java.util.concurrent.ThreadPoolExecutor$Worker.run(ThreadPoolExecutor.java:642)
	at java.base/java.lang.Thread.run(Thread.java:1583)
... Removed 21 stack frames</div></td></tr></table><p class="totop"><a href="#summary">back to summary</a></p>
<h3 id="m24">production_itineraries.TourItineraryTest#testcases_TourItineraryTest</h3><table class="result"><tr class="param"><th>Parameter #1</th><th>Parameter #2</th><th>Parameter #3</th><th>Parameter #4</th><th>Parameter #5</th><th>Parameter #6</th><th>Parameter #7</th><th>Parameter #8</th><th>Parameter #9</th><th>Parameter #10</th><th>Parameter #11</th><th>Parameter #12</th></tr><tr class="param stripe"><td>Y</td><td>Check Tour Itinerary #1</td><td>AU</td><td>MDK0013416N</td><td>1</td><td>OTHER PACKAGES(ZZP)</td><td>BANGKOK SUVARNABH(BKK)</td><td>BANGKOK SUVARNABH(BKK)</td><td>09May2015</td><td>TOUR</td><td></td><td>1</td></tr><tr><th colspan="12">Exception</th></tr><tr><td colspan="12"><div class="stacktrace">java.lang.AssertionError: expected [The WebElement &quot;&apos;Expand Itineraries Section&apos; Button&quot; was clicked] but found [The WebElement &quot;&apos;Expand Itineraries Section&apos; Button&quot; is not clickable]
	at utilityClasses.ReportLoggerMethods.click(ReportLoggerMethods.java:124)
	at pagemethods.ClientfilePage.openTourItineraryPage(ClientfilePage.java:133)
	at production_itineraries.TourItineraryTest.testcases_TourItineraryTest(TourItineraryTest.java:67)
	at java.base/java.util.ArrayList.forEach(ArrayList.java:1596)
	at java.base/java.util.concurrent.FutureTask.run(FutureTask.java:317)
	at java.base/java.util.concurrent.ThreadPoolExecutor.runWorker(ThreadPoolExecutor.java:1144)
	at java.base/java.util.concurrent.ThreadPoolExecutor$Worker.run(ThreadPoolExecutor.java:642)
	at java.base/java.lang.Thread.run(Thread.java:1583)
... Removed 21 stack frames</div></td></tr></table><p class="totop"><a href="#summary">back to summary</a></p>
<h3 id="m25">production_itineraries.TourItineraryTest#testcases_TourItineraryTest</h3><table class="result"><tr class="param"><th>Parameter #1</th><th>Parameter #2</th><th>Parameter #3</th><th>Parameter #4</th><th>Parameter #5</th><th>Parameter #6</th><th>Parameter #7</th><th>Parameter #8</th><th>Parameter #9</th><th>Parameter #10</th><th>Parameter #11</th><th>Parameter #12</th></tr><tr class="param stripe"><td>Y</td><td>Check Tour Itinerary #1</td><td>AU</td><td>MDK0013416N</td><td>1</td><td>OTHER PACKAGES(ZZP)</td><td>BANGKOK SUVARNABH(BKK)</td><td>BANGKOK SUVARNABH(BKK)</td><td>09May2015</td><td>TOUR</td><td></td><td>1</td></tr><tr><th colspan="12">Exception</th></tr><tr><td colspan="12"><div class="stacktrace">java.lang.AssertionError: expected [The WebElement &quot;&apos;Expand Itineraries Section&apos; Button&quot; was clicked] but found [The WebElement &quot;&apos;Expand Itineraries Section&apos; Button&quot; is not clickable]
	at utilityClasses.ReportLoggerMethods.click(ReportLoggerMethods.java:124)
	at pagemethods.ClientfilePage.openTourItineraryPage(ClientfilePage.java:133)
	at production_itineraries.TourItineraryTest.testcases_TourItineraryTest(TourItineraryTest.java:67)
	at java.base/java.util.ArrayList.forEach(ArrayList.java:1596)
	at java.base/java.util.concurrent.FutureTask.run(FutureTask.java:317)
	at java.base/java.util.concurrent.ThreadPoolExecutor.runWorker(ThreadPoolExecutor.java:1144)
	at java.base/java.util.concurrent.ThreadPoolExecutor$Worker.run(ThreadPoolExecutor.java:642)
	at java.base/java.lang.Thread.run(Thread.java:1583)
... Removed 21 stack frames</div></td></tr></table><p class="totop"><a href="#summary">back to summary</a></p>
<h3 id="m26">production_itineraries.TourItineraryTest#testcases_TourItineraryTest</h3><table class="result"><tr class="param"><th>Parameter #1</th><th>Parameter #2</th><th>Parameter #3</th><th>Parameter #4</th><th>Parameter #5</th><th>Parameter #6</th><th>Parameter #7</th><th>Parameter #8</th><th>Parameter #9</th><th>Parameter #10</th><th>Parameter #11</th><th>Parameter #12</th></tr><tr class="param stripe"><td>Y</td><td>Check Tour Itinerary #2</td><td>AU</td><td></td><td>2</td><td>QANTAS HOLIDAYS(Q91)</td><td>BRISBANE(BNE)</td><td>BRISBANE(BNE)</td><td>08Aug2015</td><td>TOUR</td><td></td><td>2</td></tr><tr><th colspan="12">Exception</th></tr><tr><td colspan="12"><div class="stacktrace">java.lang.AssertionError: expected [The WebElement &quot;&apos;Expand Itineraries Section&apos; Button&quot; was clicked] but found [The WebElement &quot;&apos;Expand Itineraries Section&apos; Button&quot; is not clickable]
	at utilityClasses.ReportLoggerMethods.click(ReportLoggerMethods.java:124)
	at pagemethods.ClientfilePage.openTourItineraryPage(ClientfilePage.java:133)
	at production_itineraries.TourItineraryTest.testcases_TourItineraryTest(TourItineraryTest.java:67)
	at java.base/java.util.ArrayList.forEach(ArrayList.java:1596)
	at java.base/java.util.concurrent.FutureTask.run(FutureTask.java:317)
	at java.base/java.util.concurrent.ThreadPoolExecutor.runWorker(ThreadPoolExecutor.java:1144)
	at java.base/java.util.concurrent.ThreadPoolExecutor$Worker.run(ThreadPoolExecutor.java:642)
	at java.base/java.lang.Thread.run(Thread.java:1583)
... Removed 21 stack frames</div></td></tr></table><p class="totop"><a href="#summary">back to summary</a></p>
<h3 id="m27">production_itineraries.TourItineraryTest#testcases_TourItineraryTest</h3><table class="result"><tr class="param"><th>Parameter #1</th><th>Parameter #2</th><th>Parameter #3</th><th>Parameter #4</th><th>Parameter #5</th><th>Parameter #6</th><th>Parameter #7</th><th>Parameter #8</th><th>Parameter #9</th><th>Parameter #10</th><th>Parameter #11</th><th>Parameter #12</th></tr><tr class="param stripe"><td>Y</td><td>Check Tour Itinerary #3</td><td>AU</td><td></td><td>3</td><td>OTHER PACKAGES(ZZP)</td><td>BRISBANE(BNE)</td><td>BRISBANE(BNE)</td><td>08Aug2015</td><td>TOUR</td><td></td><td>3</td></tr><tr><th colspan="12">Exception</th></tr><tr><td colspan="12"><div class="stacktrace">java.lang.AssertionError: expected [The WebElement &quot;&apos;Expand Itineraries Section&apos; Button&quot; was clicked] but found [The WebElement &quot;&apos;Expand Itineraries Section&apos; Button&quot; is not clickable]
	at utilityClasses.ReportLoggerMethods.click(ReportLoggerMethods.java:124)
	at pagemethods.ClientfilePage.openTourItineraryPage(ClientfilePage.java:133)
	at production_itineraries.TourItineraryTest.testcases_TourItineraryTest(TourItineraryTest.java:67)
	at java.base/java.util.ArrayList.forEach(ArrayList.java:1596)
	at java.base/java.util.concurrent.FutureTask.run(FutureTask.java:317)
	at java.base/java.util.concurrent.ThreadPoolExecutor.runWorker(ThreadPoolExecutor.java:1144)
	at java.base/java.util.concurrent.ThreadPoolExecutor$Worker.run(ThreadPoolExecutor.java:642)
	at java.base/java.lang.Thread.run(Thread.java:1583)
... Removed 21 stack frames</div></td></tr></table><p class="totop"><a href="#summary">back to summary</a></p>
<h3 id="m28">production_itineraries.TourItineraryTest#testcases_TourItineraryTest</h3><table class="result"><tr class="param"><th>Parameter #1</th><th>Parameter #2</th><th>Parameter #3</th><th>Parameter #4</th><th>Parameter #5</th><th>Parameter #6</th><th>Parameter #7</th><th>Parameter #8</th><th>Parameter #9</th><th>Parameter #10</th><th>Parameter #11</th><th>Parameter #12</th></tr><tr class="param stripe"><td>Y</td><td>Check Tour Itinerary #1</td><td>AU</td><td>MDK0013416N</td><td>1</td><td>OTHER PACKAGES(ZZP)</td><td>BANGKOK SUVARNABH(BKK)</td><td>BANGKOK SUVARNABH(BKK)</td><td>09May2015</td><td>TOUR</td><td></td><td>1</td></tr><tr><th colspan="12">Exception</th></tr><tr><td colspan="12"><div class="stacktrace">java.lang.AssertionError: expected [The WebElement &quot;&apos;Expand Itineraries Section&apos; Button&quot; was clicked] but found [The WebElement &quot;&apos;Expand Itineraries Section&apos; Button&quot; is not clickable]
	at utilityClasses.ReportLoggerMethods.click(ReportLoggerMethods.java:124)
	at pagemethods.ClientfilePage.openTourItineraryPage(ClientfilePage.java:133)
	at production_itineraries.TourItineraryTest.testcases_TourItineraryTest(TourItineraryTest.java:67)
	at java.base/java.util.ArrayList.forEach(ArrayList.java:1596)
	at java.base/java.util.concurrent.FutureTask.run(FutureTask.java:317)
	at java.base/java.util.concurrent.ThreadPoolExecutor.runWorker(ThreadPoolExecutor.java:1144)
	at java.base/java.util.concurrent.ThreadPoolExecutor$Worker.run(ThreadPoolExecutor.java:642)
	at java.base/java.lang.Thread.run(Thread.java:1583)
... Removed 21 stack frames</div></td></tr></table><p class="totop"><a href="#summary">back to summary</a></p>
<h3 id="m29">general.ChangeBranchTest#testcases_ChangeBranchTest</h3><table class="result"><tr class="param"><th>Parameter #1</th><th>Parameter #2</th><th>Parameter #3</th><th>Parameter #4</th><th>Parameter #5</th><th>Parameter #6</th><th>Parameter #7</th></tr><tr class="param stripe"><td>Y</td><td>Change Branch Test</td><td>AU</td><td>A11101000</td><td>A11101,</td><td></td><td>1</td></tr></table><p class="totop"><a href="#summary">back to summary</a></p>
<h3 id="m30">general.ClientfileSearchTest#testcases_ClientfileSearchTest</h3><table class="result"><tr class="param"><th>Parameter #1</th><th>Parameter #2</th><th>Parameter #3</th><th>Parameter #4</th><th>Parameter #5</th><th>Parameter #6</th><th>Parameter #7</th><th>Parameter #8</th><th>Parameter #9</th><th>Parameter #10</th><th>Parameter #11</th><th>Parameter #12</th><th>Parameter #13</th><th>Parameter #14</th><th>Parameter #15</th><th>Parameter #16</th><th>Parameter #17</th><th>Parameter #18</th><th>Parameter #19</th></tr><tr class="param stripe"><td>Y</td><td>Search Clientfile via PNR Locator</td><td>AU</td><td></td><td></td><td>IUFQVP</td><td></td><td></td><td></td><td></td><td></td><td></td><td></td><td></td><td></td><td></td><td></td><td></td><td>2</td></tr></table><p class="totop"><a href="#summary">back to summary</a></p>
<h3 id="m31">general.ClientfileSearchTest#testcases_ClientfileSearchTest</h3><table class="result"><tr class="param"><th>Parameter #1</th><th>Parameter #2</th><th>Parameter #3</th><th>Parameter #4</th><th>Parameter #5</th><th>Parameter #6</th><th>Parameter #7</th><th>Parameter #8</th><th>Parameter #9</th><th>Parameter #10</th><th>Parameter #11</th><th>Parameter #12</th><th>Parameter #13</th><th>Parameter #14</th><th>Parameter #15</th><th>Parameter #16</th><th>Parameter #17</th><th>Parameter #18</th><th>Parameter #19</th></tr><tr class="param stripe"><td>Y</td><td>Search Clientfile via Client File Number</td><td>AU</td><td></td><td></td><td></td><td></td><td></td><td>AHW0587920C</td><td>AHW0587920C</td><td></td><td></td><td></td><td></td><td></td><td></td><td></td><td></td><td>3</td></tr></table><p class="totop"><a href="#summary">back to summary</a></p>
<h3 id="m32">general.ClientfileSearchTest#testcases_ClientfileSearchTest</h3><table class="result"><tr class="param"><th>Parameter #1</th><th>Parameter #2</th><th>Parameter #3</th><th>Parameter #4</th><th>Parameter #5</th><th>Parameter #6</th><th>Parameter #7</th><th>Parameter #8</th><th>Parameter #9</th><th>Parameter #10</th><th>Parameter #11</th><th>Parameter #12</th><th>Parameter #13</th><th>Parameter #14</th><th>Parameter #15</th><th>Parameter #16</th><th>Parameter #17</th><th>Parameter #18</th><th>Parameter #19</th></tr><tr class="param stripe"><td>Y</td><td>Search Clientfile via Document</td><td>AU</td><td></td><td></td><td></td><td></td><td></td><td></td><td></td><td></td><td></td><td>Ticket</td><td>2757809733</td><td></td><td></td><td></td><td></td><td>6</td></tr></table><p class="totop"><a href="#summary">back to summary</a></p>
<h3 id="m33">general.ClientfileSearchTest#testcases_ClientfileSearchTest</h3><table class="result"><tr class="param"><th>Parameter #1</th><th>Parameter #2</th><th>Parameter #3</th><th>Parameter #4</th><th>Parameter #5</th><th>Parameter #6</th><th>Parameter #7</th><th>Parameter #8</th><th>Parameter #9</th><th>Parameter #10</th><th>Parameter #11</th><th>Parameter #12</th><th>Parameter #13</th><th>Parameter #14</th><th>Parameter #15</th><th>Parameter #16</th><th>Parameter #17</th><th>Parameter #18</th><th>Parameter #19</th></tr><tr class="param stripe"><td>Y</td><td>Search Clientfile via Client File Code</td><td>AU</td><td></td><td></td><td></td><td></td><td></td><td></td><td></td><td></td><td></td><td></td><td></td><td></td><td>11F</td><td></td><td></td><td>7</td></tr></table><p class="totop"><a href="#summary">back to summary</a></p>
<h3 id="m34">general.ClientfileSearchTest#testcases_ClientfileSearchTest</h3><table class="result"><tr class="param"><th>Parameter #1</th><th>Parameter #2</th><th>Parameter #3</th><th>Parameter #4</th><th>Parameter #5</th><th>Parameter #6</th><th>Parameter #7</th><th>Parameter #8</th><th>Parameter #9</th><th>Parameter #10</th><th>Parameter #11</th><th>Parameter #12</th><th>Parameter #13</th><th>Parameter #14</th><th>Parameter #15</th><th>Parameter #16</th><th>Parameter #17</th><th>Parameter #18</th><th>Parameter #19</th></tr><tr class="param stripe"><td>Y</td><td>Search Clientfile via Full Name</td><td>AU</td><td>JOHNSON</td><td>TIM</td><td></td><td></td><td></td><td></td><td></td><td></td><td></td><td></td><td></td><td></td><td></td><td></td><td></td><td>1</td></tr></table><p class="totop"><a href="#summary">back to summary</a></p>
<h3 id="m35">general.ClientfileSearchTest#testcases_ClientfileSearchTest</h3><table class="result"><tr class="param"><th>Parameter #1</th><th>Parameter #2</th><th>Parameter #3</th><th>Parameter #4</th><th>Parameter #5</th><th>Parameter #6</th><th>Parameter #7</th><th>Parameter #8</th><th>Parameter #9</th><th>Parameter #10</th><th>Parameter #11</th><th>Parameter #12</th><th>Parameter #13</th><th>Parameter #14</th><th>Parameter #15</th><th>Parameter #16</th><th>Parameter #17</th><th>Parameter #18</th><th>Parameter #19</th></tr><tr class="param stripe"><td>Y</td><td>Search Clientfile via Booking Branch &amp; Client File Code</td><td>AU</td><td></td><td></td><td></td><td></td><td></td><td></td><td></td><td>3970</td><td>A13970</td><td></td><td></td><td></td><td>W44</td><td></td><td></td><td>5</td></tr></table><p class="totop"><a href="#summary">back to summary</a></p>
<h3 id="m36">general.LoginTest#testcases_LoginTest</h3><table class="result"><tr class="param"><th>Parameter #1</th><th>Parameter #2</th><th>Parameter #3</th><th>Parameter #4</th><th>Parameter #5</th><th>Parameter #6</th><th>Parameter #7</th><th>Parameter #8</th></tr><tr class="param stripe"><td>Y</td><td>AU Production IRDB Login Test</td><td>AU</td><td></td><td>AU IRDB</td><td>Y</td><td></td><td>1</td></tr></table><p class="totop"><a href="#summary">back to summary</a></p>
<h3 id="m37">general.LoginTest#testcases_LoginTest</h3><table class="result"><tr class="param"><th>Parameter #1</th><th>Parameter #2</th><th>Parameter #3</th><th>Parameter #4</th><th>Parameter #5</th><th>Parameter #6</th><th>Parameter #7</th><th>Parameter #8</th></tr><tr class="param stripe"><td>Y</td><td>AU Production MyMatrix Login Test</td><td>AU</td><td></td><td>AU MyMatrix</td><td>n</td><td></td><td>2</td></tr></table><p class="totop"><a href="#summary">back to summary</a></p>
<h3 id="m38">general.LogoutTest#testcases_LogoutTest</h3><table class="result"><tr class="param"><th>Parameter #1</th><th>Parameter #2</th><th>Parameter #3</th><th>Parameter #4</th><th>Parameter #5</th><th>Parameter #6</th><th>Parameter #7</th><th>Parameter #8</th></tr><tr class="param stripe"><td>Y</td><td>AU Production MyMatrix Logout Test</td><td>AU</td><td></td><td>AU MyMatrix</td><td>Y</td><td></td><td>1</td></tr></table><p class="totop"><a href="#summary">back to summary</a></p>
<h3 id="m39">production_accounting.BSPTicketTest#testcases_BSPTicketTest</h3><table class="result"><tr class="param"><th>Parameter #1</th><th>Parameter #2</th><th>Parameter #3</th><th>Parameter #4</th><th>Parameter #5</th><th>Parameter #6</th><th>Parameter #7</th><th>Parameter #8</th><th>Parameter #9</th><th>Parameter #10</th></tr><tr class="param stripe"><td>Y</td><td>Check BSP Ticket #1</td><td>AU</td><td>M7I86122C</td><td>BSP Tickets</td><td>217</td><td>THAI AIRWAYS INTL</td><td>2046685577</td><td></td><td>1</td></tr></table><p class="totop"><a href="#summary">back to summary</a></p>
<h3 id="m40">production_accounting.BSPTicketTest#testcases_BSPTicketTest</h3><table class="result"><tr class="param"><th>Parameter #1</th><th>Parameter #2</th><th>Parameter #3</th><th>Parameter #4</th><th>Parameter #5</th><th>Parameter #6</th><th>Parameter #7</th><th>Parameter #8</th><th>Parameter #9</th><th>Parameter #10</th></tr><tr class="param stripe"><td>Y</td><td>Check BSP Ticket #2</td><td>AU</td><td></td><td>BSP Tickets</td><td>176</td><td>EMIRATES AIR</td><td>2047964533</td><td></td><td>2</td></tr></table><p class="totop"><a href="#summary">back to summary</a></p>
<h3 id="m41">production_accounting.NonBSPTicketTest#testcases_NonBSPTicketTest</h3><table class="result"><tr class="param"><th>Parameter #1</th><th>Parameter #2</th><th>Parameter #3</th><th>Parameter #4</th><th>Parameter #5</th><th>Parameter #6</th><th>Parameter #7</th><th>Parameter #8</th><th>Parameter #9</th><th>Parameter #10</th></tr><tr class="param stripe"><td>Y</td><td>Check Non-BSP Ticket #2</td><td>AU</td><td></td><td>Non BSP Document</td><td>ASF</td><td>AIRLINE SURCHARGE FEE</td><td>8</td><td></td><td>2</td></tr></table><p class="totop"><a href="#summary">back to summary</a></p>
<h3 id="m42">production_accounting.NonBSPTicketTest#testcases_NonBSPTicketTest</h3><table class="result"><tr class="param"><th>Parameter #1</th><th>Parameter #2</th><th>Parameter #3</th><th>Parameter #4</th><th>Parameter #5</th><th>Parameter #6</th><th>Parameter #7</th><th>Parameter #8</th><th>Parameter #9</th><th>Parameter #10</th></tr><tr class="param stripe"><td>Y</td><td>Check Non-BSP Ticket #1</td><td>AU</td><td>M8V0091506C</td><td>Non BSP Document</td><td>DOB</td><td>DOM OBT FEE</td><td>1</td><td></td><td>1</td></tr></table><p class="totop"><a href="#summary">back to summary</a></p>
<h3 id="m43">production_itineraries.AirItineraryTest#testcases_AirItineraryTest</h3><table class="result"><tr class="param"><th>Parameter #1</th><th>Parameter #2</th><th>Parameter #3</th><th>Parameter #4</th><th>Parameter #5</th><th>Parameter #6</th><th>Parameter #7</th><th>Parameter #8</th><th>Parameter #9</th><th>Parameter #10</th><th>Parameter #11</th><th>Parameter #12</th><th>Parameter #13</th></tr><tr class="param stripe"><td>Y</td><td>Check Air Itinerary #1</td><td>AU</td><td>GYV0258096C</td><td>1</td><td>QANTAS AIRWAYS(QF )</td><td>733</td><td>V</td><td>SYDNEY(SYD)</td><td>ADELAIDE(ADL)</td><td>25Mar2024</td><td></td><td>1</td></tr></table><p class="totop"><a href="#summary">back to summary</a></p>
<h3 id="m44">production_itineraries.AirItineraryTest#testcases_AirItineraryTest</h3><table class="result"><tr class="param"><th>Parameter #1</th><th>Parameter #2</th><th>Parameter #3</th><th>Parameter #4</th><th>Parameter #5</th><th>Parameter #6</th><th>Parameter #7</th><th>Parameter #8</th><th>Parameter #9</th><th>Parameter #10</th><th>Parameter #11</th><th>Parameter #12</th><th>Parameter #13</th></tr><tr class="param stripe"><td>Y</td><td>Check Air Itinerary #2</td><td>AU</td><td></td><td>2</td><td>QANTAS AIRWAYS(QF )</td><td>744</td><td>L</td><td>ADELAIDE(ADL)</td><td>SYDNEY(SYD)</td><td>27Mar2024</td><td></td><td>2</td></tr></table><p class="totop"><a href="#summary">back to summary</a></p>
<h3 id="m45">production_itineraries.BusItineraryTest#testcases_BusItineraryTest</h3><table class="result"><tr class="param"><th>Parameter #1</th><th>Parameter #2</th><th>Parameter #3</th><th>Parameter #4</th><th>Parameter #5</th><th>Parameter #6</th><th>Parameter #7</th><th>Parameter #8</th><th>Parameter #9</th><th>Parameter #10</th><th>Parameter #11</th><th>Parameter #12</th><th>Parameter #13</th></tr><tr class="param stripe"><td>Y</td><td>Check Bus Itinerary #2</td><td>AU</td><td></td><td>2</td><td>OTHER BUS(ZZB)</td><td>9999</td><td>PERTH(PER)</td><td>PERTH(PER)</td><td>06Aug2018</td><td></td><td></td><td>2</td></tr></table><p class="totop"><a href="#summary">back to summary</a></p>
<h3 id="m46">production_itineraries.BusItineraryTest#testcases_BusItineraryTest</h3><table class="result"><tr class="param"><th>Parameter #1</th><th>Parameter #2</th><th>Parameter #3</th><th>Parameter #4</th><th>Parameter #5</th><th>Parameter #6</th><th>Parameter #7</th><th>Parameter #8</th><th>Parameter #9</th><th>Parameter #10</th><th>Parameter #11</th><th>Parameter #12</th><th>Parameter #13</th></tr><tr class="param stripe"><td>Y</td><td>Check Bus Itinerary #1</td><td>AU</td><td>G4S346C</td><td>1</td><td>OTHER BUS(ZZB)</td><td>9999</td><td>BUNBURY(BUY)</td><td>BUNBURY(BUY)</td><td>26Jun2018</td><td></td><td></td><td>1</td></tr></table><p class="totop"><a href="#summary">back to summary</a></p>
<h3 id="m47">production_itineraries.CarItineraryTest#testcases_CarItineraryTest</h3><table class="result"><tr class="param"><th>Parameter #1</th><th>Parameter #2</th><th>Parameter #3</th><th>Parameter #4</th><th>Parameter #5</th><th>Parameter #6</th><th>Parameter #7</th><th>Parameter #8</th><th>Parameter #9</th><th>Parameter #10</th><th>Parameter #11</th></tr><tr class="param stripe"><td>Y</td><td>Check Car Itinerary #2</td><td>AU</td><td></td><td>2</td><td>AVIS(ZIC)</td><td>IFAR - INTER 4WD AUTO A/C</td><td>MELBOURNE(MEL)</td><td>09Oct2023</td><td></td><td>2</td></tr></table><p class="totop"><a href="#summary">back to summary</a></p>
<h3 id="m48">production_itineraries.CarItineraryTest#testcases_CarItineraryTest</h3><table class="result"><tr class="param"><th>Parameter #1</th><th>Parameter #2</th><th>Parameter #3</th><th>Parameter #4</th><th>Parameter #5</th><th>Parameter #6</th><th>Parameter #7</th><th>Parameter #8</th><th>Parameter #9</th><th>Parameter #10</th><th>Parameter #11</th></tr><tr class="param stripe"><td>Y</td><td>Check Car Itinerary #1</td><td>AU</td><td>J1E94583C</td><td>1</td><td>AVIS(ZIC)</td><td>ICAR - INTERMEDIATE CAR 2-4DR</td><td>ADELAIDE(ADL)</td><td>08Oct2023</td><td></td><td>1</td></tr></table><p class="totop"><a href="#summary">back to summary</a></p>
<h3 id="m49">production_itineraries.HotelItineraryTest#testcases_HotelItineraryTest</h3><table class="result"><tr class="param"><th>Parameter #1</th><th>Parameter #2</th><th>Parameter #3</th><th>Parameter #4</th><th>Parameter #5</th><th>Parameter #6</th><th>Parameter #7</th><th>Parameter #8</th><th>Parameter #9</th><th>Parameter #10</th><th>Parameter #11</th><th>Parameter #12</th><th>Parameter #13</th><th>Parameter #14</th></tr><tr class="param stripe"><td>Y</td><td>Check Hotel Itinerary #2</td><td>AU</td><td></td><td>2</td><td>INTERNATIONAL HOTELS(ZZH)</td><td>COUNTRY APARTMENTS</td><td>DUBBO(DBO)</td><td>230 BRISBANE STREET DUBBO 2830</td><td>61268851141</td><td>AP1 - 1 BEDROOM APARTMENT</td><td>10Feb2023</td><td></td><td>2</td></tr></table><p class="totop"><a href="#summary">back to summary</a></p>
<h3 id="m50">production_itineraries.HotelItineraryTest#testcases_HotelItineraryTest</h3><table class="result"><tr class="param"><th>Parameter #1</th><th>Parameter #2</th><th>Parameter #3</th><th>Parameter #4</th><th>Parameter #5</th><th>Parameter #6</th><th>Parameter #7</th><th>Parameter #8</th><th>Parameter #9</th><th>Parameter #10</th><th>Parameter #11</th><th>Parameter #12</th><th>Parameter #13</th><th>Parameter #14</th></tr><tr class="param stripe"><td>Y</td><td>Check Hotel Itinerary #1</td><td>AU</td><td>11F0042664C</td><td>1</td><td>INTERNATIONAL HOTELS(ZZH)</td><td>COUNTRY APARTMENTS</td><td>DUBBO(DBO)</td><td>230 BRISBANE STREET, DUBBO NSW 2830</td><td>61268851141</td><td>AP2 - 2 BEDROOM APARTMENT</td><td>06Feb2023</td><td></td><td>1</td></tr></table><p class="totop"><a href="#summary">back to summary</a></p>
<h3 id="m51">production_itineraries.HotelItineraryTest#testcases_HotelItineraryTest</h3><table class="result"><tr class="param"><th>Parameter #1</th><th>Parameter #2</th><th>Parameter #3</th><th>Parameter #4</th><th>Parameter #5</th><th>Parameter #6</th><th>Parameter #7</th><th>Parameter #8</th><th>Parameter #9</th><th>Parameter #10</th><th>Parameter #11</th><th>Parameter #12</th><th>Parameter #13</th><th>Parameter #14</th></tr><tr class="param stripe"><td>Y</td><td>Check Hotel Itinerary #3</td><td>AU</td><td></td><td>3</td><td>INTERNATIONAL HOTELS(ZZH)</td><td>COUNTRY APARTMENTS</td><td>BRISBANE(BNE)</td><td>230 BRISBANE STREET DUBBO NSW</td><td>61268851141</td><td>AP1 - 1 BEDROOM APARTMENT</td><td>13Feb2023</td><td></td><td>3</td></tr></table><p class="totop"><a href="#summary">back to summary</a></p>
<h3 id="m52">production_itineraries.MiscItineraryTest#testcases_AirItineraryTest</h3><table class="result"><tr class="param"><th>Parameter #1</th><th>Parameter #2</th><th>Parameter #3</th><th>Parameter #4</th><th>Parameter #5</th><th>Parameter #6</th><th>Parameter #7</th><th>Parameter #8</th><th>Parameter #9</th><th>Parameter #10</th><th>Parameter #11</th><th>Parameter #12</th></tr><tr class="param stripe"><td>Y</td><td>Check Misc/Other Itinerary #2</td><td>AU</td><td></td><td>2</td><td>ADMIN FEE(CAF)</td><td>DAKAR(DKR)</td><td>DAKAR(DKR)</td><td>23Jun2012</td><td>ATX </td><td></td><td>2</td></tr></table><p class="totop"><a href="#summary">back to summary</a></p>
<h3 id="m53">production_itineraries.MiscItineraryTest#testcases_AirItineraryTest</h3><table class="result"><tr class="param"><th>Parameter #1</th><th>Parameter #2</th><th>Parameter #3</th><th>Parameter #4</th><th>Parameter #5</th><th>Parameter #6</th><th>Parameter #7</th><th>Parameter #8</th><th>Parameter #9</th><th>Parameter #10</th><th>Parameter #11</th><th>Parameter #12</th></tr><tr class="param stripe"><td>Y</td><td>Check Misc/Other Itinerary #1</td><td>AU</td><td>GFP17479C</td><td>1</td><td>ADMINISTRATION FEE(CMF)</td><td>DAKAR(DKR)</td><td>DAKAR(DKR)</td><td>23Jun2012</td><td>ATX </td><td></td><td>1</td></tr></table><p class="totop"><a href="#summary">back to summary</a></p>
<h3 id="m54">production_itineraries.RailItineraryTest#testcases_RailItineraryTest</h3><table class="result"><tr class="param"><th>Parameter #1</th><th>Parameter #2</th><th>Parameter #3</th><th>Parameter #4</th><th>Parameter #5</th><th>Parameter #6</th><th>Parameter #7</th><th>Parameter #8</th><th>Parameter #9</th><th>Parameter #10</th><th>Parameter #11</th><th>Parameter #12</th><th>Parameter #13</th></tr><tr class="param stripe"><td>Y</td><td>Check Rail Itinerary #2</td><td>AU</td><td></td><td>2</td><td>OTHER RAIL(XXR)</td><td>1818</td><td>GENEVA RAIL(8501118)</td><td>ZURICH RAIL(8503000)</td><td>27Oct2025</td><td>C</td><td></td><td>2</td></tr></table><p class="totop"><a href="#summary">back to summary</a></p>
<h3 id="m55">production_itineraries.RailItineraryTest#testcases_RailItineraryTest</h3><table class="result"><tr class="param"><th>Parameter #1</th><th>Parameter #2</th><th>Parameter #3</th><th>Parameter #4</th><th>Parameter #5</th><th>Parameter #6</th><th>Parameter #7</th><th>Parameter #8</th><th>Parameter #9</th><th>Parameter #10</th><th>Parameter #11</th><th>Parameter #12</th><th>Parameter #13</th></tr><tr class="param stripe"><td>Y</td><td>Check Rail Itinerary #1</td><td>AU</td><td>7LZ56C</td><td>1</td><td>OTHER RAIL(XXR)</td><td>518</td><td>GENEVA RAIL(8501118)</td><td>ZURICH RAIL(8503000)</td><td>27Oct2025</td><td>C</td><td></td><td>1</td></tr></table><p class="totop"><a href="#summary">back to summary</a></p>
<h3 id="m56">production_itineraries.RailItineraryTest#testcases_RailItineraryTest</h3><table class="result"><tr class="param"><th>Parameter #1</th><th>Parameter #2</th><th>Parameter #3</th><th>Parameter #4</th><th>Parameter #5</th><th>Parameter #6</th><th>Parameter #7</th><th>Parameter #8</th><th>Parameter #9</th><th>Parameter #10</th><th>Parameter #11</th><th>Parameter #12</th><th>Parameter #13</th></tr><tr class="param stripe"><td>Y</td><td>Check Rail Itinerary #3</td><td>AU</td><td></td><td>3</td><td>OTHER RAIL(XXR)</td><td>452047</td><td>GENEVA RAIL(8501118)</td><td>ZURICH RAIL(8503000)</td><td>27Oct2025</td><td>C</td><td></td><td>3</td></tr></table><p class="totop"><a href="#summary">back to summary</a></p>
<h3 id="m57">production_itineraries.ShipItineraryTest#testcases_ShipItineraryTest</h3><table class="result"><tr class="param"><th>Parameter #1</th><th>Parameter #2</th><th>Parameter #3</th><th>Parameter #4</th><th>Parameter #5</th><th>Parameter #6</th><th>Parameter #7</th><th>Parameter #8</th><th>Parameter #9</th><th>Parameter #10</th><th>Parameter #11</th><th>Parameter #12</th></tr><tr class="param stripe"><td>Y</td><td>Check Ship Itinerary #3</td><td>AU</td><td></td><td>3</td><td>SEALINK(SE2)</td><td>ADELAIDE(ADL)</td><td>PENNESHAW(PEA)</td><td>28Jul2016</td><td>SEA </td><td></td><td>3</td></tr></table><p class="totop"><a href="#summary">back to summary</a></p>
<h3 id="m58">production_itineraries.ShipItineraryTest#testcases_ShipItineraryTest</h3><table class="result"><tr class="param"><th>Parameter #1</th><th>Parameter #2</th><th>Parameter #3</th><th>Parameter #4</th><th>Parameter #5</th><th>Parameter #6</th><th>Parameter #7</th><th>Parameter #8</th><th>Parameter #9</th><th>Parameter #10</th><th>Parameter #11</th><th>Parameter #12</th></tr><tr class="param stripe"><td>Y</td><td>Check Ship Itinerary #2</td><td>AU</td><td></td><td>2</td><td>*(ZZ )</td><td>PENNESHAW(PEA)</td><td>ADELAIDE(ADL)</td><td>25Jul2016</td><td>SEA </td><td></td><td>2</td></tr></table><p class="totop"><a href="#summary">back to summary</a></p>
<h3 id="m59">production_itineraries.ShipItineraryTest#testcases_ShipItineraryTest</h3><table class="result"><tr class="param"><th>Parameter #1</th><th>Parameter #2</th><th>Parameter #3</th><th>Parameter #4</th><th>Parameter #5</th><th>Parameter #6</th><th>Parameter #7</th><th>Parameter #8</th><th>Parameter #9</th><th>Parameter #10</th><th>Parameter #11</th><th>Parameter #12</th></tr><tr class="param stripe"><td>Y</td><td>Check Ship Itinerary #4</td><td>AU</td><td></td><td>4</td><td>SEALINK(SE2)</td><td>ADELAIDE(ADL)</td><td>PENNESHAW(PEA)</td><td>28Jul2016</td><td>SEA </td><td></td><td>4</td></tr></table><p class="totop"><a href="#summary">back to summary</a></p>
<h3 id="m60">production_itineraries.ShipItineraryTest#testcases_ShipItineraryTest</h3><table class="result"><tr class="param"><th>Parameter #1</th><th>Parameter #2</th><th>Parameter #3</th><th>Parameter #4</th><th>Parameter #5</th><th>Parameter #6</th><th>Parameter #7</th><th>Parameter #8</th><th>Parameter #9</th><th>Parameter #10</th><th>Parameter #11</th><th>Parameter #12</th></tr><tr class="param stripe"><td>Y</td><td>Check Ship Itinerary #1</td><td>AU</td><td>ADS0439790C</td><td>1</td><td>*(ZZ )</td><td>PENNESHAW(PEA)</td><td>ADELAIDE(ADL)</td><td>25Jul2016</td><td>SEA </td><td></td><td>1</td></tr></table><p class="totop"><a href="#summary">back to summary</a></p>
<h3 id="m61">queues.RMITest#testcases_RMITest</h3><table class="result"><tr class="param"><th>Parameter #1</th><th>Parameter #2</th><th>Parameter #3</th><th>Parameter #4</th><th>Parameter #5</th><th>Parameter #6</th><th>Parameter #7</th></tr><tr class="param stripe"><td>Y</td><td>RMI Queue Count Test</td><td>AU</td><td>RMI</td><td>Queue Count</td><td></td><td>2</td></tr></table><p class="totop"><a href="#summary">back to summary</a></p>
<h3 id="m62">queues.RMITest#testcases_RMITest</h3><table class="result"><tr class="param"><th>Parameter #1</th><th>Parameter #2</th><th>Parameter #3</th><th>Parameter #4</th><th>Parameter #5</th><th>Parameter #6</th><th>Parameter #7</th></tr><tr class="param stripe"><td>Y</td><td>RMA Search Test</td><td>AU</td><td>RMA</td><td>Search</td><td></td><td>3</td></tr></table><p class="totop"><a href="#summary">back to summary</a></p>
<h3 id="m63">queues.RMITest#testcases_RMITest</h3><table class="result"><tr class="param"><th>Parameter #1</th><th>Parameter #2</th><th>Parameter #3</th><th>Parameter #4</th><th>Parameter #5</th><th>Parameter #6</th><th>Parameter #7</th></tr><tr class="param stripe"><td>Y</td><td>RMA Queue Count Test</td><td>AU</td><td>RMA</td><td>Queue Count</td><td></td><td>4</td></tr></table><p class="totop"><a href="#summary">back to summary</a></p>
<h3 id="m64">queues.RMITest#testcases_RMITest</h3><table class="result"><tr class="param"><th>Parameter #1</th><th>Parameter #2</th><th>Parameter #3</th><th>Parameter #4</th><th>Parameter #5</th><th>Parameter #6</th><th>Parameter #7</th></tr><tr class="param stripe"><td>Y</td><td>RMI Search Test</td><td>AU</td><td>RMI</td><td>Search</td><td></td><td>1</td></tr></table><p class="totop"><a href="#summary">back to summary</a></p>
</body>
</html>
