<?xml version="1.0" encoding="UTF-8"?>
<!-- Generated by org.testng.reporters.JUnitReportReporter -->
<testsuite hostname="LNUS5CG91852P3" failures="1" tests="4" name="production_accounting.BSPTicketTest" time="49.345" errors="0" timestamp="2025-09-04T08:38:59 CDT" skipped="3">
  <testcase classname="production_accounting.BSPTicketTest" name="testcases_BSPTicketTest" time="12.421">
    <skipped/>
  </testcase> <!-- testcases_BSPTicketTest -->
  <testcase classname="production_accounting.BSPTicketTest" name="testcases_BSPTicketTest" time="12.389">
    <skipped/>
  </testcase> <!-- testcases_BSPTicketTest -->
  <testcase classname="production_accounting.BSPTicketTest" name="testcases_BSPTicketTest" time="12.240">
    <failure message="The following asserts failed:
	expected [Document Type &#039;ARC Tickets&#039; with Document Number &#039;7969026708&#039;] but found [Did not locate the Document Type &#039;ARC Tickets&#039; with Document Number &#039;7969026708&#039;]" type="java.lang.AssertionError">
      <![CDATA[java.lang.AssertionError: The following asserts failed:
expected [Document Type 'ARC Tickets' with Document Number '7969026708'] but found [Did not locate the Document Type 'ARC Tickets' with Document Number '7969026708']
at org.testng.asserts.SoftAssert.assertAll(SoftAssert.java:46)
at org.testng.asserts.SoftAssert.assertAll(SoftAssert.java:30)
at production_accounting.BSPTicketTest.testcases_BSPTicketTest(BSPTicketTest.java:122)
at java.base/jdk.internal.reflect.DirectMethodHandleAccessor.invoke(DirectMethodHandleAccessor.java:103)
at java.base/java.lang.reflect.Method.invoke(Method.java:580)
at org.testng.internal.invokers.MethodInvocationHelper.invokeMethod(MethodInvocationHelper.java:141)
at org.testng.internal.invokers.TestInvoker.invokeMethod(TestInvoker.java:687)
at org.testng.internal.invokers.TestInvoker.retryFailed(TestInvoker.java:269)
at org.testng.internal.invokers.MethodRunner.runInSequence(MethodRunner.java:76)
at org.testng.internal.invokers.TestInvoker$MethodInvocationAgent.invoke(TestInvoker.java:995)
at org.testng.internal.invokers.TestInvoker.invokeTestMethods(TestInvoker.java:203)
at org.testng.internal.invokers.TestMethodWorker.invokeTestMethods(TestMethodWorker.java:154)
at org.testng.internal.invokers.TestMethodWorker.run(TestMethodWorker.java:134)
at java.base/java.util.ArrayList.forEach(ArrayList.java:1596)
at org.testng.TestRunner.privateRun(TestRunner.java:741)
at org.testng.TestRunner.run(TestRunner.java:616)
at org.testng.SuiteRunner.runTest(SuiteRunner.java:421)
at org.testng.SuiteRunner$SuiteWorker.run(SuiteRunner.java:463)
at org.testng.internal.thread.ThreadUtil.lambda$execute$0(ThreadUtil.java:64)
at java.base/java.util.concurrent.FutureTask.run(FutureTask.java:317)
at java.base/java.util.concurrent.ThreadPoolExecutor.runWorker(ThreadPoolExecutor.java:1144)
at java.base/java.util.concurrent.ThreadPoolExecutor$Worker.run(ThreadPoolExecutor.java:642)
at java.base/java.lang.Thread.run(Thread.java:1583)
]]>
    </failure>
  </testcase> <!-- testcases_BSPTicketTest -->
  <testcase classname="production_accounting.BSPTicketTest" name="testcases_BSPTicketTest" time="12.295">
    <skipped/>
  </testcase> <!-- testcases_BSPTicketTest -->
</testsuite> <!-- production_accounting.BSPTicketTest -->
