<?xml version="1.0" encoding="UTF-8"?>
<!-- Generated by org.testng.reporters.JUnitReportReporter -->
<testsuite hostname="LNUS5CG91852P3" failures="3" tests="12" name="production_itineraries.TourItineraryTest" time="135.222" errors="0" timestamp="2025-09-13T18:21:26 CDT" skipped="9">
  <testcase classname="production_itineraries.TourItineraryTest" name="testcases_TourItineraryTest" time="6.681">
    <skipped/>
  </testcase> <!-- testcases_TourItineraryTest -->
  <testcase classname="production_itineraries.TourItineraryTest" name="testcases_TourItineraryTest" time="6.632">
    <skipped/>
  </testcase> <!-- testcases_TourItineraryTest -->
  <testcase classname="production_itineraries.TourItineraryTest" name="testcases_TourItineraryTest" time="20.679">
    <failure message="expected [The WebElement &quot;&#039;Expand Itineraries Section&#039; Button&quot; was clicked] but found [The WebElement &quot;&#039;Expand Itineraries Section&#039; Button&quot; is not clickable]" type="java.lang.AssertionError">
      <![CDATA[java.lang.AssertionError: expected [The WebElement "'Expand Itineraries Section' Button" was clicked] but found [The WebElement "'Expand Itineraries Section' Button" is not clickable]
at org.testng.Assert.fail(Assert.java:111)
at org.testng.Assert.failNotEquals(Assert.java:1590)
at org.testng.Assert.assertEqualsImpl(Assert.java:150)
at org.testng.Assert.assertEquals(Assert.java:132)
at org.testng.Assert.assertEquals(Assert.java:656)
at org.testng.Assert.assertEquals(Assert.java:666)
at utilityClasses.ReportLoggerMethods.click(ReportLoggerMethods.java:124)
at pagemethods.ClientfilePage.openTourItineraryPage(ClientfilePage.java:133)
at production_itineraries.TourItineraryTest.testcases_TourItineraryTest(TourItineraryTest.java:67)
at java.base/jdk.internal.reflect.DirectMethodHandleAccessor.invoke(DirectMethodHandleAccessor.java:103)
at java.base/java.lang.reflect.Method.invoke(Method.java:580)
at org.testng.internal.invokers.MethodInvocationHelper.invokeMethod(MethodInvocationHelper.java:141)
at org.testng.internal.invokers.TestInvoker.invokeMethod(TestInvoker.java:687)
at org.testng.internal.invokers.TestInvoker.retryFailed(TestInvoker.java:269)
at org.testng.internal.invokers.MethodRunner.runInSequence(MethodRunner.java:76)
at org.testng.internal.invokers.TestInvoker$MethodInvocationAgent.invoke(TestInvoker.java:995)
at org.testng.internal.invokers.TestInvoker.invokeTestMethods(TestInvoker.java:203)
at org.testng.internal.invokers.TestMethodWorker.invokeTestMethods(TestMethodWorker.java:154)
at org.testng.internal.invokers.TestMethodWorker.run(TestMethodWorker.java:134)
at java.base/java.util.ArrayList.forEach(ArrayList.java:1596)
at org.testng.TestRunner.privateRun(TestRunner.java:741)
at org.testng.TestRunner.run(TestRunner.java:616)
at org.testng.SuiteRunner.runTest(SuiteRunner.java:421)
at org.testng.SuiteRunner$SuiteWorker.run(SuiteRunner.java:463)
at org.testng.internal.thread.ThreadUtil.lambda$execute$0(ThreadUtil.java:64)
at java.base/java.util.concurrent.FutureTask.run(FutureTask.java:317)
at java.base/java.util.concurrent.ThreadPoolExecutor.runWorker(ThreadPoolExecutor.java:1144)
at java.base/java.util.concurrent.ThreadPoolExecutor$Worker.run(ThreadPoolExecutor.java:642)
at java.base/java.lang.Thread.run(Thread.java:1583)
]]>
    </failure>
  </testcase> <!-- testcases_TourItineraryTest -->
  <testcase classname="production_itineraries.TourItineraryTest" name="testcases_TourItineraryTest" time="20.574">
    <skipped/>
  </testcase> <!-- testcases_TourItineraryTest -->
  <testcase classname="production_itineraries.TourItineraryTest" name="testcases_TourItineraryTest" time="20.503">
    <skipped/>
  </testcase> <!-- testcases_TourItineraryTest -->
  <testcase classname="production_itineraries.TourItineraryTest" name="testcases_TourItineraryTest" time="6.639">
    <failure message="expected [The WebElement &quot;&#039;Expand Itineraries Section&#039; Button&quot; was clicked] but found [The WebElement &quot;&#039;Expand Itineraries Section&#039; Button&quot; is not clickable]" type="java.lang.AssertionError">
      <![CDATA[java.lang.AssertionError: expected [The WebElement "'Expand Itineraries Section' Button" was clicked] but found [The WebElement "'Expand Itineraries Section' Button" is not clickable]
at org.testng.Assert.fail(Assert.java:111)
at org.testng.Assert.failNotEquals(Assert.java:1590)
at org.testng.Assert.assertEqualsImpl(Assert.java:150)
at org.testng.Assert.assertEquals(Assert.java:132)
at org.testng.Assert.assertEquals(Assert.java:656)
at org.testng.Assert.assertEquals(Assert.java:666)
at utilityClasses.ReportLoggerMethods.click(ReportLoggerMethods.java:124)
at pagemethods.ClientfilePage.openTourItineraryPage(ClientfilePage.java:133)
at production_itineraries.TourItineraryTest.testcases_TourItineraryTest(TourItineraryTest.java:67)
at java.base/jdk.internal.reflect.DirectMethodHandleAccessor.invoke(DirectMethodHandleAccessor.java:103)
at java.base/java.lang.reflect.Method.invoke(Method.java:580)
at org.testng.internal.invokers.MethodInvocationHelper.invokeMethod(MethodInvocationHelper.java:141)
at org.testng.internal.invokers.TestInvoker.invokeMethod(TestInvoker.java:687)
at org.testng.internal.invokers.TestInvoker.retryFailed(TestInvoker.java:269)
at org.testng.internal.invokers.MethodRunner.runInSequence(MethodRunner.java:76)
at org.testng.internal.invokers.TestInvoker$MethodInvocationAgent.invoke(TestInvoker.java:995)
at org.testng.internal.invokers.TestInvoker.invokeTestMethods(TestInvoker.java:203)
at org.testng.internal.invokers.TestMethodWorker.invokeTestMethods(TestMethodWorker.java:154)
at org.testng.internal.invokers.TestMethodWorker.run(TestMethodWorker.java:134)
at java.base/java.util.ArrayList.forEach(ArrayList.java:1596)
at org.testng.TestRunner.privateRun(TestRunner.java:741)
at org.testng.TestRunner.run(TestRunner.java:616)
at org.testng.SuiteRunner.runTest(SuiteRunner.java:421)
at org.testng.SuiteRunner$SuiteWorker.run(SuiteRunner.java:463)
at org.testng.internal.thread.ThreadUtil.lambda$execute$0(ThreadUtil.java:64)
at java.base/java.util.concurrent.FutureTask.run(FutureTask.java:317)
at java.base/java.util.concurrent.ThreadPoolExecutor.runWorker(ThreadPoolExecutor.java:1144)
at java.base/java.util.concurrent.ThreadPoolExecutor$Worker.run(ThreadPoolExecutor.java:642)
at java.base/java.lang.Thread.run(Thread.java:1583)
]]>
    </failure>
  </testcase> <!-- testcases_TourItineraryTest -->
  <testcase classname="production_itineraries.TourItineraryTest" name="testcases_TourItineraryTest" time="6.606">
    <skipped/>
  </testcase> <!-- testcases_TourItineraryTest -->
  <testcase classname="production_itineraries.TourItineraryTest" name="testcases_TourItineraryTest" time="6.594">
    <skipped/>
  </testcase> <!-- testcases_TourItineraryTest -->
  <testcase classname="production_itineraries.TourItineraryTest" name="testcases_TourItineraryTest" time="6.548">
    <skipped/>
  </testcase> <!-- testcases_TourItineraryTest -->
  <testcase classname="production_itineraries.TourItineraryTest" name="testcases_TourItineraryTest" time="20.558">
    <skipped/>
  </testcase> <!-- testcases_TourItineraryTest -->
  <testcase classname="production_itineraries.TourItineraryTest" name="testcases_TourItineraryTest" time="6.577">
    <failure message="expected [The WebElement &quot;&#039;Expand Itineraries Section&#039; Button&quot; was clicked] but found [The WebElement &quot;&#039;Expand Itineraries Section&#039; Button&quot; is not clickable]" type="java.lang.AssertionError">
      <![CDATA[java.lang.AssertionError: expected [The WebElement "'Expand Itineraries Section' Button" was clicked] but found [The WebElement "'Expand Itineraries Section' Button" is not clickable]
at org.testng.Assert.fail(Assert.java:111)
at org.testng.Assert.failNotEquals(Assert.java:1590)
at org.testng.Assert.assertEqualsImpl(Assert.java:150)
at org.testng.Assert.assertEquals(Assert.java:132)
at org.testng.Assert.assertEquals(Assert.java:656)
at org.testng.Assert.assertEquals(Assert.java:666)
at utilityClasses.ReportLoggerMethods.click(ReportLoggerMethods.java:124)
at pagemethods.ClientfilePage.openTourItineraryPage(ClientfilePage.java:133)
at production_itineraries.TourItineraryTest.testcases_TourItineraryTest(TourItineraryTest.java:67)
at java.base/jdk.internal.reflect.DirectMethodHandleAccessor.invoke(DirectMethodHandleAccessor.java:103)
at java.base/java.lang.reflect.Method.invoke(Method.java:580)
at org.testng.internal.invokers.MethodInvocationHelper.invokeMethod(MethodInvocationHelper.java:141)
at org.testng.internal.invokers.TestInvoker.invokeMethod(TestInvoker.java:687)
at org.testng.internal.invokers.TestInvoker.retryFailed(TestInvoker.java:269)
at org.testng.internal.invokers.MethodRunner.runInSequence(MethodRunner.java:76)
at org.testng.internal.invokers.TestInvoker$MethodInvocationAgent.invoke(TestInvoker.java:995)
at org.testng.internal.invokers.TestInvoker.invokeTestMethods(TestInvoker.java:203)
at org.testng.internal.invokers.TestMethodWorker.invokeTestMethods(TestMethodWorker.java:154)
at org.testng.internal.invokers.TestMethodWorker.run(TestMethodWorker.java:134)
at java.base/java.util.ArrayList.forEach(ArrayList.java:1596)
at org.testng.TestRunner.privateRun(TestRunner.java:741)
at org.testng.TestRunner.run(TestRunner.java:616)
at org.testng.SuiteRunner.runTest(SuiteRunner.java:421)
at org.testng.SuiteRunner$SuiteWorker.run(SuiteRunner.java:463)
at org.testng.internal.thread.ThreadUtil.lambda$execute$0(ThreadUtil.java:64)
at java.base/java.util.concurrent.FutureTask.run(FutureTask.java:317)
at java.base/java.util.concurrent.ThreadPoolExecutor.runWorker(ThreadPoolExecutor.java:1144)
at java.base/java.util.concurrent.ThreadPoolExecutor$Worker.run(ThreadPoolExecutor.java:642)
at java.base/java.lang.Thread.run(Thread.java:1583)
]]>
    </failure>
  </testcase> <!-- testcases_TourItineraryTest -->
  <testcase classname="production_itineraries.TourItineraryTest" name="testcases_TourItineraryTest" time="6.631">
    <skipped/>
  </testcase> <!-- testcases_TourItineraryTest -->
</testsuite> <!-- production_itineraries.TourItineraryTest -->
