<?xml version="1.0" encoding="UTF-8"?>
<!-- Generated by org.testng.reporters.JUnitXMLReporter -->
<testsuite ignored="30" hostname="LNUS5CG91852P3" failures="6" tests="65" name="AU MyMatrix Production Promotion Testsuite" time="983.52" errors="0" timestamp="2025-09-13T18:21:24 CDT">
  <testcase classname="general.LoginTest" name="testcases_LoginTest" time="28.652">
    <skipped/>
  </testcase> <!-- testcases_LoginTest -->
  <testcase classname="general.LoginTest" name="testcases_LoginTest" time="44.552"/>
  <testcase classname="general.LoginTest" name="testcases_LoginTest" time="43.747">
    <skipped/>
  </testcase> <!-- testcases_LoginTest -->
  <testcase classname="general.LoginTest" name="testcases_LoginTest" time="32.889"/>
  <testcase classname="general.ChangeBranchTest" name="testcases_ChangeBranchTest" time="3.127"/>
  <testcase classname="general.ClientfileSearchTest" name="testcases_ClientfileSearchTest" time="17.261">
    <skipped/>
  </testcase> <!-- testcases_ClientfileSearchTest -->
  <testcase classname="general.ClientfileSearchTest" name="testcases_ClientfileSearchTest" time="30.68"/>
  <testcase classname="general.ClientfileSearchTest" name="testcases_ClientfileSearchTest" time="19.463"/>
  <testcase classname="general.ClientfileSearchTest" name="testcases_ClientfileSearchTest" time="18.497"/>
  <testcase classname="general.ClientfileSearchTest" name="testcases_ClientfileSearchTest" time="20.672">
    <skipped/>
  </testcase> <!-- testcases_ClientfileSearchTest -->
  <testcase classname="general.ClientfileSearchTest" name="testcases_ClientfileSearchTest" time="17.614">
    <skipped/>
  </testcase> <!-- testcases_ClientfileSearchTest -->
  <testcase classname="general.ClientfileSearchTest" name="testcases_ClientfileSearchTest" time="17.251">
    <skipped/>
  </testcase> <!-- testcases_ClientfileSearchTest -->
  <testcase classname="general.ClientfileSearchTest" name="testcases_ClientfileSearchTest" time="16.865">
    <failure type="java.lang.AssertionError" message="expected [The WebElement &amp;quot;&amp;apos;Search&amp;apos; Button&amp;quot; was clicked] but found [The WebElement &amp;quot;&amp;apos;Search&amp;apos; Button&amp;quot; is not clickable]">
      <![CDATA[java.lang.AssertionError: expected [The WebElement "'Search' Button" was clicked] but found [The WebElement "'Search' Button" is not clickable]
at utilityClasses.ReportLoggerMethods.click(ReportLoggerMethods.java:124)
at pagemethods.ClientfileInformationPage.searchClientfile(ClientfileInformationPage.java:105)
at general.ClientfileSearchTest.testcases_ClientfileSearchTest(ClientfileSearchTest.java:65)
at java.base/java.util.ArrayList.forEach(ArrayList.java:1596)
at java.base/java.util.concurrent.FutureTask.run(FutureTask.java:317)
at java.base/java.util.concurrent.ThreadPoolExecutor.runWorker(ThreadPoolExecutor.java:1144)
at java.base/java.util.concurrent.ThreadPoolExecutor$Worker.run(ThreadPoolExecutor.java:642)
at java.base/java.lang.Thread.run(Thread.java:1583)
... Removed 21 stack frames]]>
    </failure>
  </testcase> <!-- testcases_ClientfileSearchTest -->
  <testcase classname="general.ClientfileSearchTest" name="testcases_ClientfileSearchTest" time="16.649"/>
  <testcase classname="general.ClientfileSearchTest" name="testcases_ClientfileSearchTest" time="23.639"/>
  <testcase classname="general.ClientfileSearchTest" name="testcases_ClientfileSearchTest" time="2.189">
    <skipped/>
  </testcase> <!-- testcases_ClientfileSearchTest -->
  <testcase classname="general.ClientfileSearchTest" name="testcases_ClientfileSearchTest" time="16.349"/>
  <testcase classname="production_itineraries.AirItineraryTest" name="testcases_AirItineraryTest" time="21.47"/>
  <testcase classname="production_itineraries.AirItineraryTest" name="testcases_AirItineraryTest" time="4.484"/>
  <testcase classname="production_itineraries.HotelItineraryTest" name="testcases_HotelItineraryTest" time="22.169"/>
  <testcase classname="production_itineraries.HotelItineraryTest" name="testcases_HotelItineraryTest" time="5.905"/>
  <testcase classname="production_itineraries.HotelItineraryTest" name="testcases_HotelItineraryTest" time="6.068"/>
  <testcase classname="production_itineraries.CarItineraryTest" name="testcases_CarItineraryTest" time="19.712"/>
  <testcase classname="production_itineraries.CarItineraryTest" name="testcases_CarItineraryTest" time="5.398"/>
  <testcase classname="production_itineraries.TourItineraryTest" name="testcases_TourItineraryTest" time="20.393">
    <skipped/>
  </testcase> <!-- testcases_TourItineraryTest -->
  <testcase classname="production_itineraries.TourItineraryTest" name="testcases_TourItineraryTest" time="20.444">
    <skipped/>
  </testcase> <!-- testcases_TourItineraryTest -->
  <testcase classname="production_itineraries.TourItineraryTest" name="testcases_TourItineraryTest" time="20.383">
    <skipped/>
  </testcase> <!-- testcases_TourItineraryTest -->
  <testcase classname="production_itineraries.TourItineraryTest" name="testcases_TourItineraryTest" time="20.675">
    <failure type="java.lang.AssertionError" message="expected [The WebElement &amp;quot;&amp;apos;Expand Itineraries Section&amp;apos; Button&amp;quot; was clicked] but found [The WebElement &amp;quot;&amp;apos;Expand Itineraries Section&amp;apos; Button&amp;quot; is not clickable]">
      <![CDATA[java.lang.AssertionError: expected [The WebElement "'Expand Itineraries Section' Button" was clicked] but found [The WebElement "'Expand Itineraries Section' Button" is not clickable]
at utilityClasses.ReportLoggerMethods.click(ReportLoggerMethods.java:124)
at pagemethods.ClientfilePage.openTourItineraryPage(ClientfilePage.java:133)
at production_itineraries.TourItineraryTest.testcases_TourItineraryTest(TourItineraryTest.java:67)
at java.base/java.util.ArrayList.forEach(ArrayList.java:1596)
at java.base/java.util.concurrent.FutureTask.run(FutureTask.java:317)
at java.base/java.util.concurrent.ThreadPoolExecutor.runWorker(ThreadPoolExecutor.java:1144)
at java.base/java.util.concurrent.ThreadPoolExecutor$Worker.run(ThreadPoolExecutor.java:642)
at java.base/java.lang.Thread.run(Thread.java:1583)
... Removed 21 stack frames]]>
    </failure>
  </testcase> <!-- testcases_TourItineraryTest -->
  <testcase classname="production_itineraries.TourItineraryTest" name="testcases_TourItineraryTest" time="6.594">
    <skipped/>
  </testcase> <!-- testcases_TourItineraryTest -->
  <testcase classname="production_itineraries.TourItineraryTest" name="testcases_TourItineraryTest" time="6.68">
    <skipped/>
  </testcase> <!-- testcases_TourItineraryTest -->
  <testcase classname="production_itineraries.TourItineraryTest" name="testcases_TourItineraryTest" time="6.623">
    <skipped/>
  </testcase> <!-- testcases_TourItineraryTest -->
  <testcase classname="production_itineraries.TourItineraryTest" name="testcases_TourItineraryTest" time="6.639">
    <failure type="java.lang.AssertionError" message="expected [The WebElement &amp;quot;&amp;apos;Expand Itineraries Section&amp;apos; Button&amp;quot; was clicked] but found [The WebElement &amp;quot;&amp;apos;Expand Itineraries Section&amp;apos; Button&amp;quot; is not clickable]">
      <![CDATA[java.lang.AssertionError: expected [The WebElement "'Expand Itineraries Section' Button" was clicked] but found [The WebElement "'Expand Itineraries Section' Button" is not clickable]
at utilityClasses.ReportLoggerMethods.click(ReportLoggerMethods.java:124)
at pagemethods.ClientfilePage.openTourItineraryPage(ClientfilePage.java:133)
at production_itineraries.TourItineraryTest.testcases_TourItineraryTest(TourItineraryTest.java:67)
at java.base/java.util.ArrayList.forEach(ArrayList.java:1596)
at java.base/java.util.concurrent.FutureTask.run(FutureTask.java:317)
at java.base/java.util.concurrent.ThreadPoolExecutor.runWorker(ThreadPoolExecutor.java:1144)
at java.base/java.util.concurrent.ThreadPoolExecutor$Worker.run(ThreadPoolExecutor.java:642)
at java.base/java.lang.Thread.run(Thread.java:1583)
... Removed 21 stack frames]]>
    </failure>
  </testcase> <!-- testcases_TourItineraryTest -->
  <testcase classname="production_itineraries.TourItineraryTest" name="testcases_TourItineraryTest" time="6.548">
    <skipped/>
  </testcase> <!-- testcases_TourItineraryTest -->
  <testcase classname="production_itineraries.TourItineraryTest" name="testcases_TourItineraryTest" time="6.509">
    <skipped/>
  </testcase> <!-- testcases_TourItineraryTest -->
  <testcase classname="production_itineraries.TourItineraryTest" name="testcases_TourItineraryTest" time="6.603">
    <skipped/>
  </testcase> <!-- testcases_TourItineraryTest -->
  <testcase classname="production_itineraries.TourItineraryTest" name="testcases_TourItineraryTest" time="6.574">
    <failure type="java.lang.AssertionError" message="expected [The WebElement &amp;quot;&amp;apos;Expand Itineraries Section&amp;apos; Button&amp;quot; was clicked] but found [The WebElement &amp;quot;&amp;apos;Expand Itineraries Section&amp;apos; Button&amp;quot; is not clickable]">
      <![CDATA[java.lang.AssertionError: expected [The WebElement "'Expand Itineraries Section' Button" was clicked] but found [The WebElement "'Expand Itineraries Section' Button" is not clickable]
at utilityClasses.ReportLoggerMethods.click(ReportLoggerMethods.java:124)
at pagemethods.ClientfilePage.openTourItineraryPage(ClientfilePage.java:133)
at production_itineraries.TourItineraryTest.testcases_TourItineraryTest(TourItineraryTest.java:67)
at java.base/java.util.ArrayList.forEach(ArrayList.java:1596)
at java.base/java.util.concurrent.FutureTask.run(FutureTask.java:317)
at java.base/java.util.concurrent.ThreadPoolExecutor.runWorker(ThreadPoolExecutor.java:1144)
at java.base/java.util.concurrent.ThreadPoolExecutor$Worker.run(ThreadPoolExecutor.java:642)
at java.base/java.lang.Thread.run(Thread.java:1583)
... Removed 21 stack frames]]>
    </failure>
  </testcase> <!-- testcases_TourItineraryTest -->
  <testcase classname="production_itineraries.ShipItineraryTest" name="testcases_ShipItineraryTest" time="23.8"/>
  <testcase classname="production_itineraries.ShipItineraryTest" name="testcases_ShipItineraryTest" time="6.61"/>
  <testcase classname="production_itineraries.ShipItineraryTest" name="testcases_ShipItineraryTest" time="6.701"/>
  <testcase classname="production_itineraries.ShipItineraryTest" name="testcases_ShipItineraryTest" time="7.144"/>
  <testcase classname="production_itineraries.InsuranceItineraryTest" name="testcases_InsuranceItineraryTest" time="21.245">
    <skipped/>
  </testcase> <!-- testcases_InsuranceItineraryTest -->
  <testcase classname="production_itineraries.InsuranceItineraryTest" name="testcases_InsuranceItineraryTest" time="19.787">
    <skipped/>
  </testcase> <!-- testcases_InsuranceItineraryTest -->
  <testcase classname="production_itineraries.InsuranceItineraryTest" name="testcases_InsuranceItineraryTest" time="20.143">
    <skipped/>
  </testcase> <!-- testcases_InsuranceItineraryTest -->
  <testcase classname="production_itineraries.InsuranceItineraryTest" name="testcases_InsuranceItineraryTest" time="20.589">
    <failure type="java.lang.AssertionError" message="expected [The WebElement &amp;quot;&amp;apos;Expand Itineraries Section&amp;apos; Button&amp;quot; was clicked] but found [The WebElement &amp;quot;&amp;apos;Expand Itineraries Section&amp;apos; Button&amp;quot; is not clickable]">
      <![CDATA[java.lang.AssertionError: expected [The WebElement "'Expand Itineraries Section' Button" was clicked] but found [The WebElement "'Expand Itineraries Section' Button" is not clickable]
at utilityClasses.ReportLoggerMethods.click(ReportLoggerMethods.java:124)
at pagemethods.ClientfilePage.openInsuranceItineraryPage(ClientfilePage.java:100)
at production_itineraries.InsuranceItineraryTest.testcases_InsuranceItineraryTest(InsuranceItineraryTest.java:67)
at java.base/java.util.ArrayList.forEach(ArrayList.java:1596)
at java.base/java.util.concurrent.FutureTask.run(FutureTask.java:317)
at java.base/java.util.concurrent.ThreadPoolExecutor.runWorker(ThreadPoolExecutor.java:1144)
at java.base/java.util.concurrent.ThreadPoolExecutor$Worker.run(ThreadPoolExecutor.java:642)
at java.base/java.lang.Thread.run(Thread.java:1583)
... Removed 21 stack frames]]>
    </failure>
  </testcase> <!-- testcases_InsuranceItineraryTest -->
  <testcase classname="production_itineraries.InsuranceItineraryTest" name="testcases_InsuranceItineraryTest" time="6.624">
    <skipped/>
  </testcase> <!-- testcases_InsuranceItineraryTest -->
  <testcase classname="production_itineraries.InsuranceItineraryTest" name="testcases_InsuranceItineraryTest" time="6.618">
    <skipped/>
  </testcase> <!-- testcases_InsuranceItineraryTest -->
  <testcase classname="production_itineraries.InsuranceItineraryTest" name="testcases_InsuranceItineraryTest" time="6.543">
    <skipped/>
  </testcase> <!-- testcases_InsuranceItineraryTest -->
  <testcase classname="production_itineraries.InsuranceItineraryTest" name="testcases_InsuranceItineraryTest" time="6.556">
    <failure type="java.lang.AssertionError" message="expected [The WebElement &amp;quot;&amp;apos;Expand Itineraries Section&amp;apos; Button&amp;quot; was clicked] but found [The WebElement &amp;quot;&amp;apos;Expand Itineraries Section&amp;apos; Button&amp;quot; is not clickable]">
      <![CDATA[java.lang.AssertionError: expected [The WebElement "'Expand Itineraries Section' Button" was clicked] but found [The WebElement "'Expand Itineraries Section' Button" is not clickable]
at utilityClasses.ReportLoggerMethods.click(ReportLoggerMethods.java:124)
at pagemethods.ClientfilePage.openInsuranceItineraryPage(ClientfilePage.java:100)
at production_itineraries.InsuranceItineraryTest.testcases_InsuranceItineraryTest(InsuranceItineraryTest.java:67)
at java.base/java.util.ArrayList.forEach(ArrayList.java:1596)
at java.base/java.util.concurrent.FutureTask.run(FutureTask.java:317)
at java.base/java.util.concurrent.ThreadPoolExecutor.runWorker(ThreadPoolExecutor.java:1144)
at java.base/java.util.concurrent.ThreadPoolExecutor$Worker.run(ThreadPoolExecutor.java:642)
at java.base/java.lang.Thread.run(Thread.java:1583)
... Removed 21 stack frames]]>
    </failure>
  </testcase> <!-- testcases_InsuranceItineraryTest -->
  <testcase classname="production_itineraries.MiscItineraryTest" name="testcases_AirItineraryTest" time="21.162"/>
  <testcase classname="production_itineraries.MiscItineraryTest" name="testcases_AirItineraryTest" time="4.724"/>
  <testcase classname="production_itineraries.RailItineraryTest" name="testcases_RailItineraryTest" time="20.205"/>
  <testcase classname="production_itineraries.RailItineraryTest" name="testcases_RailItineraryTest" time="4.516"/>
  <testcase classname="production_itineraries.RailItineraryTest" name="testcases_RailItineraryTest" time="5.249"/>
  <testcase classname="production_itineraries.BusItineraryTest" name="testcases_BusItineraryTest" time="20.517"/>
  <testcase classname="production_itineraries.BusItineraryTest" name="testcases_BusItineraryTest" time="5.79"/>
  <testcase classname="production_accounting.BSPTicketTest" name="testcases_BSPTicketTest" time="17.431"/>
  <testcase classname="production_accounting.BSPTicketTest" name="testcases_BSPTicketTest" time="2.445">
    <skipped/>
  </testcase> <!-- testcases_BSPTicketTest -->
  <testcase classname="production_accounting.BSPTicketTest" name="testcases_BSPTicketTest" time="3.626"/>
  <testcase classname="production_accounting.NonBSPTicketTest" name="testcases_NonBSPTicketTest" time="22.914"/>
  <testcase classname="production_accounting.NonBSPTicketTest" name="testcases_NonBSPTicketTest" time="5.787"/>
  <testcase classname="queues.RMITest" name="testcases_RMITest" time="18.514"/>
  <testcase classname="queues.RMITest" name="testcases_RMITest" time="17.399"/>
  <testcase classname="queues.RMITest" name="testcases_RMITest" time="17.509"/>
  <testcase classname="queues.RMITest" name="testcases_RMITest" time="17.597"/>
  <testcase classname="general.LogoutTest" name="testcases_LogoutTest" time="6.811"/>
  <testcase classname="base.TestBase" name="@BeforeTest beforeTest" time="0.0">
    <ignored/>
  </testcase> <!-- @BeforeTest beforeTest -->
  <testcase classname="base.TestBase" name="@AfterSuite afterSuite" time="0.0">
    <ignored/>
  </testcase> <!-- @AfterSuite afterSuite -->
  <testcase classname="base.TestBase" name="@BeforeTest beforeTest" time="0.0">
    <ignored/>
  </testcase> <!-- @BeforeTest beforeTest -->
  <testcase classname="base.TestBase" name="@BeforeTest beforeTest" time="0.0">
    <ignored/>
  </testcase> <!-- @BeforeTest beforeTest -->
  <testcase classname="base.TestBase" name="@AfterSuite afterSuite" time="0.0">
    <ignored/>
  </testcase> <!-- @AfterSuite afterSuite -->
  <testcase classname="base.TestBase" name="@BeforeTest beforeTest" time="0.0">
    <ignored/>
  </testcase> <!-- @BeforeTest beforeTest -->
  <testcase classname="base.TestBase" name="@AfterSuite afterSuite" time="0.0">
    <ignored/>
  </testcase> <!-- @AfterSuite afterSuite -->
  <testcase classname="base.TestBase" name="@BeforeTest beforeTest" time="0.0">
    <ignored/>
  </testcase> <!-- @BeforeTest beforeTest -->
  <testcase classname="base.TestBase" name="@AfterSuite afterSuite" time="0.0">
    <ignored/>
  </testcase> <!-- @AfterSuite afterSuite -->
  <testcase classname="base.TestBase" name="@AfterSuite afterSuite" time="0.0">
    <ignored/>
  </testcase> <!-- @AfterSuite afterSuite -->
  <testcase classname="base.TestBase" name="@BeforeTest beforeTest" time="0.0">
    <ignored/>
  </testcase> <!-- @BeforeTest beforeTest -->
  <testcase classname="base.TestBase" name="@BeforeTest beforeTest" time="0.0">
    <ignored/>
  </testcase> <!-- @BeforeTest beforeTest -->
  <testcase classname="base.TestBase" name="@AfterSuite afterSuite" time="0.0">
    <ignored/>
  </testcase> <!-- @AfterSuite afterSuite -->
  <testcase classname="base.TestBase" name="@AfterSuite afterSuite" time="0.0">
    <ignored/>
  </testcase> <!-- @AfterSuite afterSuite -->
  <testcase classname="base.TestBase" name="@BeforeTest beforeTest" time="0.0">
    <ignored/>
  </testcase> <!-- @BeforeTest beforeTest -->
  <testcase classname="base.TestBase" name="@AfterSuite afterSuite" time="0.0">
    <ignored/>
  </testcase> <!-- @AfterSuite afterSuite -->
  <testcase classname="base.TestBase" name="@AfterSuite afterSuite" time="0.0">
    <ignored/>
  </testcase> <!-- @AfterSuite afterSuite -->
  <testcase classname="base.TestBase" name="@AfterSuite afterSuite" time="0.0">
    <ignored/>
  </testcase> <!-- @AfterSuite afterSuite -->
  <testcase classname="base.TestBase" name="@AfterSuite afterSuite" time="0.0">
    <ignored/>
  </testcase> <!-- @AfterSuite afterSuite -->
  <testcase classname="base.TestBase" name="@BeforeTest beforeTest" time="0.0">
    <ignored/>
  </testcase> <!-- @BeforeTest beforeTest -->
  <testcase classname="base.TestBase" name="@BeforeTest beforeTest" time="0.0">
    <ignored/>
  </testcase> <!-- @BeforeTest beforeTest -->
  <testcase classname="base.TestBase" name="@BeforeTest beforeTest" time="0.0">
    <ignored/>
  </testcase> <!-- @BeforeTest beforeTest -->
  <testcase classname="base.TestBase" name="@AfterSuite afterSuite" time="0.0">
    <ignored/>
  </testcase> <!-- @AfterSuite afterSuite -->
  <testcase classname="base.TestBase" name="@AfterSuite afterSuite" time="0.0">
    <ignored/>
  </testcase> <!-- @AfterSuite afterSuite -->
  <testcase classname="base.TestBase" name="@BeforeTest beforeTest" time="0.0">
    <ignored/>
  </testcase> <!-- @BeforeTest beforeTest -->
  <testcase classname="base.TestBase" name="@AfterSuite afterSuite" time="0.0">
    <ignored/>
  </testcase> <!-- @AfterSuite afterSuite -->
  <testcase classname="base.TestBase" name="@AfterSuite afterSuite" time="0.0">
    <ignored/>
  </testcase> <!-- @AfterSuite afterSuite -->
  <testcase classname="base.TestBase" name="@BeforeTest beforeTest" time="0.0">
    <ignored/>
  </testcase> <!-- @BeforeTest beforeTest -->
  <testcase classname="base.TestBase" name="@BeforeTest beforeTest" time="0.0">
    <ignored/>
  </testcase> <!-- @BeforeTest beforeTest -->
  <testcase classname="base.TestBase" name="@BeforeTest beforeTest" time="0.0">
    <ignored/>
  </testcase> <!-- @BeforeTest beforeTest -->
</testsuite> <!-- AU MyMatrix Production Promotion Testsuite -->
