<html>
<head>
<title>TestNG:  CA PreProd MyMatrix Regression Testsuite</title>
<link href="../testng.css" rel="stylesheet" type="text/css" />
<link href="../my-testng.css" rel="stylesheet" type="text/css" />

<style type="text/css">
.log { display: none;} 
.stack-trace { display: none;} 
</style>
<script type="text/javascript">
<!--
function flip(e) {
  current = e.style.display;
  if (current == 'block') {
    e.style.display = 'none';
    return 0;
  }
  else {
    e.style.display = 'block';
    return 1;
  }
}

function toggleBox(szDivId, elem, msg1, msg2)
{
  var res = -1;  if (document.getElementById) {
    res = flip(document.getElementById(szDivId));
  }
  else if (document.all) {
    // this is the way old msie versions work
    res = flip(document.all[szDivId]);
  }
  if(elem) {
    if(res == 0) elem.innerHTML = msg1; else elem.innerHTML = msg2;
  }

}

function toggleAllBoxes() {
  if (document.getElementsByTagName) {
    d = document.getElementsByTagName('div');
    for (i = 0; i < d.length; i++) {
      if (d[i].className == 'log') {
        flip(d[i]);
      }
    }
  }
}

// -->
</script>

</head>
<body>
<h2 align='center'>CA PreProd MyMatrix Regression Testsuite</h2><table border='1' align="center">
<tr>
<td>Tests passed/Failed/Skipped:</td><td>13/0/1</td>
</tr><tr>
<td>Started on:</td><td>Sun Aug 24 15:37:23 CDT 2025</td>
</tr>
<tr><td>Total time:</td><td>127 seconds (127841 ms)</td>
</tr><tr>
<td>Included groups:</td><td></td>
</tr><tr>
<td>Excluded groups:</td><td></td>
</tr>
</table><p/>
<small><i>(Hover the method name to see the test class name)</i></small><p/>
<table width='100%' border='1' class='invocation-passed'>
<tr><td colspan='4' align='center'><b>PASSED TESTS</b></td></tr>
<tr><td><b>Test method</b></td>
<td><b>Attribute(s)</b></td>
<td width="30%"><b>Exception</b></td>
<td width="10%"><b>Time (seconds)</b></td>
<td><b>Instance</b></td>
</tr>
<tr>
<td title='general.LoginTest.testcases_LoginTest()'><b>testcases_LoginTest</b><br>Test class: general.LoginTest<br>Parameters: n, CA Pre-Prod IRDB Login Test, CA Pre-Prod, 125996, CA IRDB, Y, , 6</td>
<td></td>
<td>0</td>
<td>general.LoginTest@75db5df9</td></tr>
<tr>
<td title='general.LoginTest.testcases_LoginTest()'><b>testcases_LoginTest</b><br>Test class: general.LoginTest<br>Parameters: n, CA Pre-Prod HotelRec Login Test, CA Pre-Prod, 125996, CA HotelRec, Y, , 4</td>
<td></td>
<td>0</td>
<td>general.LoginTest@75db5df9</td></tr>
<tr>
<td title='general.LogoutTest.testcases_LogoutTest()'><b>testcases_LogoutTest</b><br>Test class: general.LogoutTest<br>Parameters: Y, CA Pre-PRod MyMatrix Logout Test, CA Pre-Prod, 125996, CA MyMatrix, Y, , 1</td>
<td></td>
<td>8</td>
<td>general.LogoutTest@5b94b04d</td></tr>
<tr>
<td title='general.LoginTest.testcases_LoginTest()'><b>testcases_LoginTest</b><br>Test class: general.LoginTest<br>Parameters: n, CA Pre-Prod CMR Login Test, CA Pre-Prod, 125996, CA CMR, Y, , 1</td>
<td></td>
<td>0</td>
<td>general.LoginTest@75db5df9</td></tr>
<tr>
<td title='general.LoginTest.testcases_LoginTest()'><b>testcases_LoginTest</b><br>Test class: general.LoginTest<br>Parameters: n, CA Pre-Prod MatrixeD Login Test, CA Pre-Prod, 125996, CA MatrixeD, Y, , 5</td>
<td></td>
<td>0</td>
<td>general.LoginTest@75db5df9</td></tr>
<tr>
<td title='general.LoginTest.testcases_LoginTest()'><b>testcases_LoginTest</b><br>Test class: general.LoginTest<br>Parameters: n, CA Pre-Prod FrontLine Login Test, CA Pre-Prod, 125996, CA FrontLine, Y, , 3</td>
<td></td>
<td>0</td>
<td>general.LoginTest@75db5df9</td></tr>
<tr>
<td title='general.ChangeBranchTest.testcases_ChangeBranchTest()'><b>testcases_ChangeBranchTest</b><br>Test class: general.ChangeBranchTest<br>Parameters: Y, Change Branch Test, CA Pre-Prod, 019901CWT, 019901,, , 1</td>
<td></td>
<td>1</td>
<td>general.ChangeBranchTest@291caca8</td></tr>
<tr>
<td title='queues.RMITest.testcases_RMITest()'><b>testcases_RMITest</b><br>Test class: queues.RMITest<br>Parameters: Y, RMI Search Test, CA Pre-Prod, RMI, Search, , 1</td>
<td></td>
<td>16</td>
<td>queues.RMITest@385e9564</td></tr>
<tr>
<td title='general.LoginTest.testcases_LoginTest()'><b>testcases_LoginTest</b><br>Test class: general.LoginTest<br>Parameters: n, CA Pre-Prod Financial Suite Login Test, CA Pre-Prod, 125996, CA Financial Suite, Y, , 2</td>
<td></td>
<td>0</td>
<td>general.LoginTest@75db5df9</td></tr>
<tr>
<td title='queues.RMITest.testcases_RMITest()'><b>testcases_RMITest</b><br>Test class: queues.RMITest<br>Parameters: Y, RMA Search Test, CA Pre-Prod, RMA, Search, , 3</td>
<td></td>
<td>16</td>
<td>queues.RMITest@385e9564</td></tr>
<tr>
<td title='general.LoginTest.testcases_LoginTest()'><b>testcases_LoginTest</b><br>Test class: general.LoginTest<br>Parameters: Y, CA Pre-Prod MyMatrix Login Test, CA Pre-Prod, 125996, CA MyMatrix, n, , 7</td>
<td></td>
<td>20</td>
<td>general.LoginTest@75db5df9</td></tr>
<tr>
<td title='queues.RMITest.testcases_RMITest()'><b>testcases_RMITest</b><br>Test class: queues.RMITest<br>Parameters: Y, RMA Queue Count Test, CA Pre-Prod, RMA, Queue Count, , 4</td>
<td></td>
<td>16</td>
<td>queues.RMITest@385e9564</td></tr>
<tr>
<td title='queues.RMITest.testcases_RMITest()'><b>testcases_RMITest</b><br>Test class: queues.RMITest<br>Parameters: Y, RMI Queue Count Test, CA Pre-Prod, RMI, Queue Count, , 2</td>
<td></td>
<td>16</td>
<td>queues.RMITest@385e9564</td></tr>
</table><p>
<table width='100%' border='1' class='invocation-skipped'>
<tr><td colspan='4' align='center'><b>SKIPPED TESTS</b></td></tr>
<tr><td><b>Test method</b></td>
<td><b>Attribute(s)</b></td>
<td width="30%"><b>Exception</b></td>
<td width="10%"><b>Time (seconds)</b></td>
<td><b>Instance</b></td>
</tr>
<tr>
<td title='general.LoginTest.testcases_LoginTest()'><b>testcases_LoginTest</b><br>Test class: general.LoginTest<br>Parameters: Y, CA Pre-Prod MyMatrix Login Test, CA Pre-Prod, 125996, CA MyMatrix, n, , 7</td>
<td><div><pre>java.lang.AssertionError: expected [The WebElement &quot;&apos;Region&apos; Drop-Down&quot; was clicked] but found [The WebElement &quot;&apos;Region&apos; Drop-Down&quot; is not clickable]
	at utilityClasses.ReportLoggerMethods.click(ReportLoggerMethods.java:124)
	at pagemethods.LoginPage.selectRegion(LoginPage.java:41)
	at general.LoginTest.testcases_LoginTest(LoginTest.java:63)
	at java.base/java.util.ArrayList.forEach(ArrayList.java:1596)
	at java.base/java.util.concurrent.FutureTask.run(FutureTask.java:317)
	at java.base/java.util.concurrent.ThreadPoolExecutor.runWorker(ThreadPoolExecutor.java:1144)
	at java.base/java.util.concurrent.ThreadPoolExecutor$Worker.run(ThreadPoolExecutor.java:642)
	at java.base/java.lang.Thread.run(Thread.java:1583)
... Removed 21 stack frames</pre></div><a href='#' onClick='toggleBox("stack-trace1864949164", this, "Click to show all stack frames", "Click to hide stack frames")'>Click to show all stack frames</a>
<div class='stack-trace' id='stack-trace1864949164'><pre>java.lang.AssertionError: expected [The WebElement &quot;&apos;Region&apos; Drop-Down&quot; was clicked] but found [The WebElement &quot;&apos;Region&apos; Drop-Down&quot; is not clickable]
	at org.testng.Assert.fail(Assert.java:111)
	at org.testng.Assert.failNotEquals(Assert.java:1590)
	at org.testng.Assert.assertEqualsImpl(Assert.java:150)
	at org.testng.Assert.assertEquals(Assert.java:132)
	at org.testng.Assert.assertEquals(Assert.java:656)
	at org.testng.Assert.assertEquals(Assert.java:666)
	at utilityClasses.ReportLoggerMethods.click(ReportLoggerMethods.java:124)
	at pagemethods.LoginPage.selectRegion(LoginPage.java:41)
	at general.LoginTest.testcases_LoginTest(LoginTest.java:63)
	at java.base/jdk.internal.reflect.DirectMethodHandleAccessor.invoke(DirectMethodHandleAccessor.java:103)
	at java.base/java.lang.reflect.Method.invoke(Method.java:580)
	at org.testng.internal.invokers.MethodInvocationHelper.invokeMethod(MethodInvocationHelper.java:141)
	at org.testng.internal.invokers.TestInvoker.invokeMethod(TestInvoker.java:687)
	at org.testng.internal.invokers.TestInvoker.invokeTestMethod(TestInvoker.java:230)
	at org.testng.internal.invokers.MethodRunner.runInSequence(MethodRunner.java:63)
	at org.testng.internal.invokers.TestInvoker$MethodInvocationAgent.invoke(TestInvoker.java:995)
	at org.testng.internal.invokers.TestInvoker.invokeTestMethods(TestInvoker.java:203)
	at org.testng.internal.invokers.TestMethodWorker.invokeTestMethods(TestMethodWorker.java:154)
	at org.testng.internal.invokers.TestMethodWorker.run(TestMethodWorker.java:134)
	at java.base/java.util.ArrayList.forEach(ArrayList.java:1596)
	at org.testng.TestRunner.privateRun(TestRunner.java:741)
	at org.testng.TestRunner.run(TestRunner.java:616)
	at org.testng.SuiteRunner.runTest(SuiteRunner.java:421)
	at org.testng.SuiteRunner$SuiteWorker.run(SuiteRunner.java:463)
	at org.testng.internal.thread.ThreadUtil.lambda$execute$0(ThreadUtil.java:64)
	at java.base/java.util.concurrent.FutureTask.run(FutureTask.java:317)
	at java.base/java.util.concurrent.ThreadPoolExecutor.runWorker(ThreadPoolExecutor.java:1144)
	at java.base/java.util.concurrent.ThreadPoolExecutor$Worker.run(ThreadPoolExecutor.java:642)
	at java.base/java.lang.Thread.run(Thread.java:1583)
</pre></div></td>
<td>24</td>
<td>general.LoginTest@75db5df9</td></tr>
</table><p>
</body>
</html>