<?xml version="1.0" encoding="UTF-8"?>
<!-- Generated by org.testng.reporters.JUnitXMLReporter -->
<testsuite ignored="6" hostname="LNUS5CG91852P3" failures="1" tests="18" name="CA QA MyMatrix Regression Testsuite" time="171.357" errors="0" timestamp="2025-08-24T18:19:15 CDT">
  <testcase classname="general.LoginTest" name="testcases_LoginTest" time="0.021"/>
  <testcase classname="general.LoginTest" name="testcases_LoginTest" time="0.003"/>
  <testcase classname="general.LoginTest" name="testcases_LoginTest" time="0.001"/>
  <testcase classname="general.LoginTest" name="testcases_LoginTest" time="0.002"/>
  <testcase classname="general.LoginTest" name="testcases_LoginTest" time="0.002"/>
  <testcase classname="general.LoginTest" name="testcases_LoginTest" time="0.002"/>
  <testcase classname="general.LoginTest" name="testcases_LoginTest" time="26.509">
    <skipped/>
  </testcase> <!-- testcases_LoginTest -->
  <testcase classname="general.LoginTest" name="testcases_LoginTest" time="35.03"/>
  <testcase classname="general.ChangeBranchTest" name="testcases_ChangeBranchTest" time="2.232"/>
  <testcase classname="general.ChangeBranchTest" name="testcases_ChangeBranchTest" time="1.386"/>
  <testcase classname="queues.RMITest" name="testcases_RMITest" time="18.444"/>
  <testcase classname="queues.RMITest" name="testcases_RMITest" time="18.575"/>
  <testcase classname="queues.RMITest" name="testcases_RMITest" time="18.131"/>
  <testcase classname="queues.RMITest" name="testcases_RMITest" time="18.119"/>
  <testcase classname="general.LogoutTest" name="testcases_LogoutTest" time="6.611">
    <skipped/>
  </testcase> <!-- testcases_LogoutTest -->
  <testcase classname="general.LogoutTest" name="testcases_LogoutTest" time="6.526">
    <skipped/>
  </testcase> <!-- testcases_LogoutTest -->
  <testcase classname="general.LogoutTest" name="testcases_LogoutTest" time="6.523">
    <skipped/>
  </testcase> <!-- testcases_LogoutTest -->
  <testcase classname="general.LogoutTest" name="testcases_LogoutTest" time="6.578">
    <failure type="java.lang.AssertionError" message="expected [The WebElement &amp;quot;&amp;apos;MyMatrix Logout&amp;apos; Button&amp;quot; was clicked] but found [The WebElement &amp;quot;&amp;apos;MyMatrix Logout&amp;apos; Button&amp;quot; is not clickable]">
      <![CDATA[java.lang.AssertionError: expected [The WebElement "'MyMatrix Logout' Button" was clicked] but found [The WebElement "'MyMatrix Logout' Button" is not clickable]
at utilityClasses.ReportLoggerMethods.click(ReportLoggerMethods.java:124)
at pagemethods.LoginPage.myMatrixLogout(LoginPage.java:156)
at general.LogoutTest.testcases_LogoutTest(LogoutTest.java:55)
at java.base/java.util.ArrayList.forEach(ArrayList.java:1596)
at java.base/java.util.concurrent.FutureTask.run(FutureTask.java:317)
at java.base/java.util.concurrent.ThreadPoolExecutor.runWorker(ThreadPoolExecutor.java:1144)
at java.base/java.util.concurrent.ThreadPoolExecutor$Worker.run(ThreadPoolExecutor.java:642)
at java.base/java.lang.Thread.run(Thread.java:1583)
... Removed 21 stack frames]]>
    </failure>
  </testcase> <!-- testcases_LogoutTest -->
  <testcase classname="base.TestBase" name="@BeforeTest beforeTest" time="0.0">
    <ignored/>
  </testcase> <!-- @BeforeTest beforeTest -->
  <testcase classname="base.TestBase" name="@AfterSuite afterSuite" time="0.0">
    <ignored/>
  </testcase> <!-- @AfterSuite afterSuite -->
  <testcase classname="base.TestBase" name="@AfterSuite afterSuite" time="0.0">
    <ignored/>
  </testcase> <!-- @AfterSuite afterSuite -->
  <testcase classname="base.TestBase" name="@AfterSuite afterSuite" time="0.0">
    <ignored/>
  </testcase> <!-- @AfterSuite afterSuite -->
  <testcase classname="base.TestBase" name="@BeforeTest beforeTest" time="0.0">
    <ignored/>
  </testcase> <!-- @BeforeTest beforeTest -->
  <testcase classname="base.TestBase" name="@BeforeTest beforeTest" time="0.0">
    <ignored/>
  </testcase> <!-- @BeforeTest beforeTest -->
</testsuite> <!-- CA QA MyMatrix Regression Testsuite -->
